INFO:root:[2016-07-06 13:04:10.135674] t:0
INFO:root:[2016-07-06 13:04:10.135930] t:1
INFO:root:[2016-07-06 13:04:10.139660] t:2
INFO:root:[2016-07-06 13:04:10.135674] fork pid:13000
INFO:root:[2016-07-06 13:04:10.140720] t:3
INFO:root:[2016-07-06 13:04:10.141244] t:4
INFO:root:[2016-07-06 13:04:10.135930] fork pid:13001
INFO:root:[2016-07-06 13:04:10.146734] t:5
INFO:root:[2016-07-06 13:04:10.139660] fork pid:13002
INFO:root:[2016-07-06 13:04:10.148801] t:6
INFO:root:[2016-07-06 13:04:10.140720] fork pid:13003
INFO:root:[2016-07-06 13:04:10.153205] t:7
INFO:root:[2016-07-06 13:04:10.157573] t:8
INFO:root:[2016-07-06 13:04:10.146734] fork pid:13005
INFO:root:[2016-07-06 13:04:10.148801] fork pid:13006
INFO:root:[2016-07-06 13:04:10.153205] fork pid:13007
INFO:root:[2016-07-06 13:04:10.175048] t:11
INFO:root:[2016-07-06 13:04:10.168663] t:9
INFO:root:[2016-07-06 13:04:10.157573] fork pid:13008
INFO:root:[2016-07-06 13:04:10.171417] t:10
INFO:root:[2016-07-06 13:04:10.185490] t:12
INFO:root:[2016-07-06 13:04:10.175048] fork pid:13009
INFO:root:[2016-07-06 13:04:10.168663] fork pid:13010
INFO:root:[2016-07-06 13:04:10.187281] t:13
INFO:root:[2016-07-06 13:04:10.192897] t:14
INFO:root:[2016-07-06 13:04:10.185490] fork pid:13011
INFO:root:[2016-07-06 13:04:10.218630] t:15
INFO:root:[2016-07-06 13:04:10.187281] fork pid:13013
INFO:root:[2016-07-06 13:04:10.192897] fork pid:13014
INFO:root:[2016-07-06 13:04:10.218630] fork pid:13015
INFO:root:[2016-07-06 13:04:10.229951] t:16
INFO:root:[2016-07-06 13:04:10.235122] t:17
INFO:root:[2016-07-06 13:04:10.229951] fork pid:13016
INFO:root:[2016-07-06 13:04:10.235122] fork pid:13017
INFO:root:[2016-07-06 13:04:10.257550] t:18
INFO:root:[2016-07-06 13:04:10.257550] fork pid:13018
INFO:root:[2016-07-06 13:04:10.266254] t:19
INFO:root:[2016-07-06 13:04:10.273336] t:20
INFO:root:[2016-07-06 13:04:10.266254] fork pid:13019
INFO:root:[2016-07-06 13:04:10.273336] fork pid:13020
INFO:root:[2016-07-06 13:04:10.300123] t:21
INFO:root:[2016-07-06 13:04:10.300123] fork pid:13021
INFO:root:[2016-07-06 13:04:10.329562] t:22
INFO:root:[2016-07-06 13:04:10.343754] t:23
INFO:root:[2016-07-06 13:04:10.345084] t:24
INFO:root:[2016-07-06 13:04:10.329562] fork pid:13022
INFO:root:[2016-07-06 13:04:10.363541] t:25
INFO:root:[2016-07-06 13:04:10.366395] t:26
INFO:root:[2016-07-06 13:04:10.343754] fork pid:13023
INFO:root:[2016-07-06 13:04:10.369707] t:27
INFO:root:[2016-07-06 13:04:10.363541] fork pid:13025
INFO:root:[2016-07-06 13:04:10.369707] fork pid:13027
INFO:root:[2016-07-06 13:04:10.390350] t:28
INFO:root:[2016-07-06 13:04:10.390350] fork pid:13028
INFO:root:[2016-07-06 13:04:10.405983] t:29
INFO:root:[2016-07-06 13:04:10.405983] fork pid:13029
INFO:root:[2016-07-06 13:04:10.434130] t:30
INFO:root:[2016-07-06 13:04:10.435543] t:31
INFO:root:[2016-07-06 13:04:10.434130] fork pid:13030
INFO:root:[2016-07-06 13:04:10.435543] fork pid:13031
INFO:root:[2016-07-06 13:04:10.171417] fork pid:13012
INFO:root:[2016-07-06 13:04:11.411874] e1:[Errno 32] Broken pipe
INFO:root:[2016-07-06 13:04:11.474098] e1:[Errno 32] Broken pipe
INFO:root:[2016-07-06 13:04:11.481699] e1:[Errno 32] Broken pipe
INFO:root:[2016-07-06 13:04:11.488461] e1:[Errno 32] Broken pipe
INFO:root:[2016-07-06 13:04:11.505452] e1:[Errno 32] Broken pipe
INFO:root:[2016-07-06 13:04:11.512939] e1:[Errno 32] Broken pipe
INFO:root:[2016-07-06 13:04:11.514100] e1:[Errno 32] Broken pipe
INFO:root:[2016-07-06 13:04:10.141244] fork pid:13004
INFO:root:[2016-07-06 13:04:11.514524] e1:[Errno 32] Broken pipe
INFO:root:[2016-07-06 13:04:11.516165] e1:[Errno 32] Broken pipe
INFO:root:[2016-07-06 13:04:11.517959] e1:[Errno 32] Broken pipe
INFO:root:[2016-07-06 13:04:11.521112] e1:[Errno 32] Broken pipe
INFO:root:[2016-07-06 13:04:11.522375] e1:[Errno 32] Broken pipe
INFO:root:[2016-07-06 13:04:11.530814] e1:[Errno 32] Broken pipe
INFO:root:[2016-07-06 13:04:11.531504] e1:[Errno 32] Broken pipe
INFO:root:[2016-07-06 13:04:11.534597] e1:[Errno 32] Broken pipe
INFO:root:[2016-07-06 13:04:11.543614] e1:[Errno 32] Broken pipe
INFO:root:[2016-07-06 13:04:11.543820] e1:[Errno 32] Broken pipe
INFO:root:[2016-07-06 13:04:11.544464] e1:[Errno 32] Broken pipe
INFO:root:[2016-07-06 13:04:11.545080] e1:[Errno 32] Broken pipe
INFO:root:[2016-07-06 13:04:11.547930] e1:[Errno 32] Broken pipe
INFO:root:[2016-07-06 13:04:10.345084] fork pid:13024
INFO:root:[2016-07-06 13:04:11.569587] e1:[Errno 32] Broken pipe
INFO:root:[2016-07-06 13:04:11.570317] e1:[Errno 32] Broken pipe
INFO:root:[2016-07-06 13:04:11.571671] e1:[Errno 32] Broken pipe
INFO:root:[2016-07-06 13:04:11.572382] e1:[Errno 32] Broken pipe
INFO:root:[2016-07-06 13:04:11.581144] e1:[Errno 32] Broken pipe
INFO:root:[2016-07-06 13:04:10.366395] fork pid:13026
INFO:root:[2016-07-06 13:04:11.582743] e1:[Errno 32] Broken pipe
INFO:root:[2016-07-06 13:04:11.583822] e1:[Errno 32] Broken pipe
INFO:root:[2016-07-06 13:04:11.584206] e1:[Errno 32] Broken pipe
INFO:root:[2016-07-06 13:04:11.587441] e1:[Errno 32] Broken pipe
INFO:root:[2016-07-06 13:04:11.587566] e1:[Errno 32] Broken pipe
INFO:root:[2016-07-06 13:04:11.588105] e1:[Errno 32] Broken pipe
INFO:root:[2016-07-06 13:04:11.591527] e1:[Errno 32] Broken pipe
INFO:root:[2016-07-06 13:04:21.711160] e1:[Errno 32] Broken pipe
INFO:root:[2016-07-06 13:04:21.914281] e1 Exception:list index out of range
INFO:root:[2016-07-06 13:04:22.372336] e1:[Errno 32] Broken pipe
INFO:root:[2016-07-06 13:04:22.613442] e1:[Errno 32] Broken pipe
INFO:root:[2016-07-06 13:04:22.621408] e1:[Errno 32] Broken pipe
INFO:root:[2016-07-06 13:04:22.623197] e1:[Errno 32] Broken pipe
INFO:root:[2016-07-06 13:04:22.670612] e1:[Errno 32] Broken pipe
INFO:root:[2016-07-06 13:04:22.684656] e1:[Errno 32] Broken pipe
INFO:root:[2016-07-06 13:04:22.706147] e1:[Errno 32] Broken pipe
INFO:root:[2016-07-06 13:04:22.716961] e1:[Errno 32] Broken pipe
INFO:root:[2016-07-06 13:04:22.718149] e1:[Errno 32] Broken pipe
INFO:root:[2016-07-06 13:04:22.772869] e1:[Errno 32] Broken pipe
INFO:root:[2016-07-06 13:04:22.787848] e1:[Errno 32] Broken pipe
INFO:root:[2016-07-06 13:04:22.805190] e1:[Errno 32] Broken pipe
INFO:root:[2016-07-06 13:04:22.820644] e1:[Errno 32] Broken pipe
INFO:root:[2016-07-06 13:04:22.826341] e1:[Errno 32] Broken pipe
INFO:root:[2016-07-06 13:04:22.828832] e1:[Errno 32] Broken pipe
INFO:root:[2016-07-06 13:04:22.840253] e1:[Errno 32] Broken pipe
INFO:root:[2016-07-06 13:04:22.841026] e1:[Errno 32] Broken pipe
INFO:root:[2016-07-06 13:04:22.846502] e1:[Errno 32] Broken pipe
INFO:root:[2016-07-06 13:04:22.853785] e1:[Errno 32] Broken pipe
INFO:root:[2016-07-06 13:04:22.856994] e1:[Errno 32] Broken pipe
INFO:root:[2016-07-06 13:04:22.858642] e1:[Errno 32] Broken pipe
INFO:root:[2016-07-06 13:04:22.869077] e1:[Errno 32] Broken pipe
INFO:root:[2016-07-06 13:04:22.872848] e1:[Errno 32] Broken pipe
INFO:root:[2016-07-06 13:04:22.873630] e1:[Errno 32] Broken pipe
INFO:root:[2016-07-06 13:04:22.875482] e1:[Errno 32] Broken pipe
INFO:root:[2016-07-06 13:04:22.875938] e1:[Errno 32] Broken pipe
INFO:root:[2016-07-06 13:04:22.878565] e1:[Errno 32] Broken pipe
INFO:root:[2016-07-06 13:04:22.881032] e1:[Errno 32] Broken pipe
INFO:root:[2016-07-06 13:04:22.892393] e1:[Errno 32] Broken pipe
INFO:root:[2016-07-06 13:04:22.892954] e1:[Errno 32] Broken pipe
INFO:root:[2016-07-06 13:04:22.893400] e1:[Errno 32] Broken pipe
INFO:root:[2016-07-06 13:04:31.891264] e1:[Errno 32] Broken pipe
INFO:root:[2016-07-06 13:04:32.520010] e1:[Errno 32] Broken pipe
INFO:root:[2016-07-06 13:04:33.418355] e1:[Errno 32] Broken pipe
INFO:root:[2016-07-06 13:04:33.434849] e1:[Errno 32] Broken pipe
INFO:root:[2016-07-06 13:04:33.466428] e1:[Errno 32] Broken pipe
INFO:root:[2016-07-06 13:04:33.502912] e1:[Errno 32] Broken pipe
INFO:root:[2016-07-06 13:04:33.533585] e1:[Errno 32] Broken pipe
INFO:root:[2016-07-06 13:04:33.694448] e1:[Errno 32] Broken pipe
INFO:root:[2016-07-06 13:04:33.717462] e1:[Errno 32] Broken pipe
INFO:root:[2016-07-06 13:04:33.778521] e1:[Errno 32] Broken pipe
INFO:root:[2016-07-06 13:04:33.788901] e1:[Errno 32] Broken pipe
INFO:root:[2016-07-06 13:04:33.801111] e1:[Errno 32] Broken pipe
INFO:root:[2016-07-06 13:04:33.803249] e1:[Errno 32] Broken pipe
INFO:root:[2016-07-06 13:04:33.804846] e1:[Errno 32] Broken pipe
INFO:root:[2016-07-06 13:04:33.808213] e1:[Errno 32] Broken pipe
INFO:root:[2016-07-06 13:04:33.808371] e1:[Errno 32] Broken pipe
INFO:root:[2016-07-06 13:04:33.812907] e1:[Errno 32] Broken pipe
INFO:root:[2016-07-06 13:04:33.828480] e1:[Errno 32] Broken pipe
INFO:root:[2016-07-06 13:04:33.829201] e1:[Errno 32] Broken pipe
INFO:root:[2016-07-06 13:04:33.838741] e1:[Errno 32] Broken pipe
INFO:root:[2016-07-06 13:04:33.846672] e1:[Errno 32] Broken pipe
INFO:root:[2016-07-06 13:04:33.848980] e1:[Errno 32] Broken pipe
INFO:root:[2016-07-06 13:04:33.853022] e1:[Errno 32] Broken pipe
INFO:root:[2016-07-06 13:04:33.857549] e1:[Errno 32] Broken pipe
INFO:root:[2016-07-06 13:04:33.865726] e1:[Errno 32] Broken pipe
INFO:root:[2016-07-06 13:04:33.865925] e1:[Errno 32] Broken pipe
INFO:root:[2016-07-06 13:04:33.869753] e1:[Errno 32] Broken pipe
INFO:root:[2016-07-06 13:04:33.872474] e1:[Errno 32] Broken pipe
INFO:root:[2016-07-06 13:04:33.874078] e1:[Errno 32] Broken pipe
INFO:root:[2016-07-06 13:04:33.880791] e1:[Errno 32] Broken pipe
INFO:root:[2016-07-06 13:04:33.885420] e1:[Errno 32] Broken pipe
INFO:root:[2016-07-06 13:04:33.886120] e1:[Errno 32] Broken pipe
INFO:root:[2016-07-06 13:04:42.049604] e1:[Errno 32] Broken pipe
INFO:root:[2016-07-06 13:04:42.665014] e1:[Errno 32] Broken pipe
INFO:root:[2016-07-06 13:04:43.648410] e1:[Errno 32] Broken pipe
INFO:root:[2016-07-06 13:04:43.662337] e1:[Errno 32] Broken pipe
INFO:root:[2016-07-06 13:04:43.753480] e1:[Errno 32] Broken pipe
INFO:root:[2016-07-06 13:04:44.077717] e1:[Errno 32] Broken pipe
INFO:root:[2016-07-06 13:04:44.178337] e1:[Errno 32] Broken pipe
INFO:root:[2016-07-06 13:04:44.171423] e1:[Errno 32] Broken pipe
INFO:root:[2016-07-06 13:04:44.204664] e1:[Errno 32] Broken pipe
INFO:root:[2016-07-06 13:04:44.206702] e1:[Errno 32] Broken pipe
INFO:root:[2016-07-06 13:04:44.207753] e1:[Errno 32] Broken pipe
INFO:root:[2016-07-06 13:04:44.211852] e1:[Errno 32] Broken pipe
INFO:root:[2016-07-06 13:04:44.212408] e1:[Errno 32] Broken pipe
INFO:root:[2016-07-06 13:04:44.217441] e1:[Errno 32] Broken pipe
INFO:root:[2016-07-06 13:04:44.207496] e1:[Errno 32] Broken pipe
INFO:root:[2016-07-06 13:04:44.226021] e1:[Errno 32] Broken pipe
INFO:root:[2016-07-06 13:04:44.231250] e1:[Errno 32] Broken pipe
INFO:root:[2016-07-06 13:04:44.229166] e1:[Errno 32] Broken pipe
INFO:root:[2016-07-06 13:04:44.236914] e1:[Errno 32] Broken pipe
INFO:root:[2016-07-06 13:04:44.236307] e1:[Errno 32] Broken pipe
INFO:root:[2016-07-06 13:04:44.239636] e1:[Errno 32] Broken pipe
INFO:root:[2016-07-06 13:04:44.240787] e1:[Errno 32] Broken pipe
INFO:root:[2016-07-06 13:04:44.241947] e1:[Errno 32] Broken pipe
INFO:root:[2016-07-06 13:04:44.244887] e1:[Errno 32] Broken pipe
INFO:root:[2016-07-06 13:04:44.244544] e1:[Errno 32] Broken pipe
INFO:root:[2016-07-06 13:04:44.243538] e1:[Errno 32] Broken pipe
INFO:root:[2016-07-06 13:04:44.250757] e1:[Errno 32] Broken pipe
INFO:root:[2016-07-06 13:04:44.269199] e1:[Errno 32] Broken pipe
INFO:root:[2016-07-06 13:04:44.268842] e1:[Errno 32] Broken pipe
INFO:root:[2016-07-06 13:04:44.270509] e1:[Errno 32] Broken pipe
INFO:root:[2016-07-06 13:04:44.271117] e1:[Errno 32] Broken pipe
INFO:root:[2016-07-06 13:04:44.276262] e1:[Errno 32] Broken pipe
INFO:root:[2016-07-06 13:06:23.833132] t:0
INFO:root:[2016-07-06 13:06:23.833506] t:1
INFO:root:[2016-07-06 13:06:23.833641] t:2
INFO:root:[2016-07-06 13:06:23.833792] t:3
INFO:root:[2016-07-06 13:06:23.837572] t:4
INFO:root:[2016-07-06 13:06:23.833506] fork pid:13289
INFO:root:[2016-07-06 13:06:23.842817] t:5
INFO:root:[2016-07-06 13:06:23.833132] fork pid:13290
INFO:root:[2016-07-06 13:06:23.833641] fork pid:13291
INFO:root:[2016-07-06 13:06:23.833792] fork pid:13292
INFO:root:[2016-07-06 13:06:23.837572] fork pid:13293
INFO:root:[2016-07-06 13:06:23.850178] t:6
INFO:root:[2016-07-06 13:06:23.842817] fork pid:13294
INFO:root:[2016-07-06 13:06:23.854682] t:7
INFO:root:[2016-07-06 13:06:23.856149] t:8
INFO:root:[2016-07-06 13:06:23.857024] t:9
INFO:root:[2016-07-06 13:06:23.850178] fork pid:13295
INFO:root:[2016-07-06 13:06:23.862860] t:10
INFO:root:[2016-07-06 13:06:23.868250] t:11
INFO:root:[2016-07-06 13:06:23.857024] fork pid:13296
INFO:root:[2016-07-06 13:06:23.854682] fork pid:13298
INFO:root:[2016-07-06 13:06:23.868250] fork pid:13299
INFO:root:[2016-07-06 13:06:23.886802] t:12
INFO:root:[2016-07-06 13:06:23.887163] t:13
INFO:root:[2016-07-06 13:06:23.889052] t:14
INFO:root:[2016-07-06 13:06:23.887163] fork pid:13301
INFO:root:[2016-07-06 13:06:23.886802] fork pid:13302
INFO:root:[2016-07-06 13:06:23.889052] fork pid:13303
INFO:root:[2016-07-06 13:06:23.908512] t:15
INFO:root:[2016-07-06 13:06:23.912676] t:16
INFO:root:[2016-07-06 13:06:23.908512] fork pid:13304
INFO:root:[2016-07-06 13:06:23.912676] fork pid:13305
INFO:root:[2016-07-06 13:06:23.930275] t:17
INFO:root:[2016-07-06 13:06:23.930275] fork pid:13306
INFO:root:[2016-07-06 13:06:23.946159] t:18
INFO:root:[2016-07-06 13:06:23.949946] t:19
INFO:root:[2016-07-06 13:06:23.946159] fork pid:13307
INFO:root:[2016-07-06 13:06:23.963845] t:20
INFO:root:[2016-07-06 13:06:23.949946] fork pid:13308
INFO:root:[2016-07-06 13:06:23.978040] t:21
INFO:root:[2016-07-06 13:06:23.963845] fork pid:13309
INFO:root:[2016-07-06 13:06:23.988374] t:22
INFO:root:[2016-07-06 13:06:23.978040] fork pid:13310
INFO:root:[2016-07-06 13:06:23.996708] t:23
INFO:root:[2016-07-06 13:06:23.997382] t:24
INFO:root:[2016-07-06 13:06:23.988374] fork pid:13311
INFO:root:[2016-07-06 13:06:24.005375] t:25
INFO:root:[2016-07-06 13:06:23.996708] fork pid:13312
INFO:root:[2016-07-06 13:06:24.016194] t:26
INFO:root:[2016-07-06 13:06:24.016833] t:27
INFO:root:[2016-07-06 13:06:24.026276] t:28
INFO:root:[2016-07-06 13:06:23.997382] fork pid:13313
INFO:root:[2016-07-06 13:06:24.016194] fork pid:13315
INFO:root:[2016-07-06 13:06:24.040996] t:29
INFO:root:[2016-07-06 13:06:24.016833] fork pid:13316
INFO:root:[2016-07-06 13:06:24.026276] fork pid:13317
INFO:root:[2016-07-06 13:06:24.058115] t:30
INFO:root:[2016-07-06 13:06:24.059739] t:31
INFO:root:[2016-07-06 13:06:24.040996] fork pid:13318
INFO:root:[2016-07-06 13:06:24.058115] fork pid:13319
INFO:root:[2016-07-06 13:06:24.059739] fork pid:13320
INFO:root:[2016-07-06 13:06:25.588030] e1 Exception:list index out of range
INFO:root:[2016-07-06 13:15:27.458036] t:0
INFO:root:[2016-07-06 13:15:27.458670] t:1
INFO:root:[2016-07-06 13:15:27.460553] t:2
INFO:root:[2016-07-06 13:15:27.461185] t:3
INFO:root:[2016-07-06 13:15:27.458036] fork pid:13965
INFO:root:[2016-07-06 13:15:27.462273] t:4
INFO:root:[2016-07-06 13:15:27.466082] t:5
INFO:root:[2016-07-06 13:15:27.461185] fork pid:13967
INFO:root:[2016-07-06 13:15:27.460553] fork pid:13966
INFO:root:[2016-07-06 13:15:27.471493] t:6
INFO:root:[2016-07-06 13:15:27.472784] t:7
INFO:root:[2016-07-06 13:15:27.462273] fork pid:13969
INFO:root:[2016-07-06 13:15:27.476966] t:8
INFO:root:[2016-07-06 13:15:27.483752] t:9
INFO:root:[2016-07-06 13:15:27.485671] t:10
INFO:root:[2016-07-06 13:15:27.471493] fork pid:13971
INFO:root:[2016-07-06 13:15:27.472784] fork pid:13972
INFO:root:[2016-07-06 13:15:27.485671] fork pid:13975
INFO:root:[2016-07-06 13:15:27.492014] t:11
INFO:root:[2016-07-06 13:15:27.476966] fork pid:13973
INFO:root:[2016-07-06 13:15:27.483752] fork pid:13974
INFO:root:[2016-07-06 13:15:27.496832] t:12
INFO:root:[2016-07-06 13:15:27.508594] t:13
INFO:root:[2016-07-06 13:15:27.492014] fork pid:13976
INFO:root:[2016-07-06 13:15:27.514735] t:14
INFO:root:[2016-07-06 13:15:27.520070] t:15
INFO:root:[2016-07-06 13:15:27.521146] t:16
INFO:root:[2016-07-06 13:15:27.496832] fork pid:13977
INFO:root:[2016-07-06 13:15:27.530595] t:17
INFO:root:[2016-07-06 13:15:27.532167] t:18
INFO:root:[2016-07-06 13:15:27.508594] fork pid:13978
INFO:root:[2016-07-06 13:15:27.596108] t:19
INFO:root:[2016-07-06 13:15:27.514735] fork pid:13979
INFO:root:[2016-07-06 13:15:27.612091] t:20
INFO:root:[2016-07-06 13:15:27.521146] fork pid:13980
INFO:root:[2016-07-06 13:15:27.530595] fork pid:13982
INFO:root:[2016-07-06 13:15:27.532167] fork pid:13983
INFO:root:[2016-07-06 13:15:27.629166] t:21
INFO:root:[2016-07-06 13:15:27.640728] t:22
INFO:root:[2016-07-06 13:15:27.596108] fork pid:13984
INFO:root:[2016-07-06 13:15:27.653863] t:23
INFO:root:[2016-07-06 13:15:27.665664] t:24
INFO:root:[2016-07-06 13:15:27.676192] t:25
INFO:root:[2016-07-06 13:15:27.687058] t:26
INFO:root:[2016-07-06 13:15:27.612091] fork pid:13985
INFO:root:[2016-07-06 13:15:27.688456] t:27
INFO:root:[2016-07-06 13:15:27.699450] t:28
INFO:root:[2016-07-06 13:15:27.640728] fork pid:13986
INFO:root:[2016-07-06 13:15:27.629166] fork pid:13987
INFO:root:[2016-07-06 13:15:27.676192] fork pid:13989
INFO:root:[2016-07-06 13:15:27.665664] fork pid:13988
INFO:root:[2016-07-06 13:15:27.653863] fork pid:13990
INFO:root:[2016-07-06 13:15:27.724229] t:29
INFO:root:[2016-07-06 13:15:27.687058] fork pid:13991
INFO:root:[2016-07-06 13:15:27.731446] t:30
INFO:root:[2016-07-06 13:15:27.699450] fork pid:13992
INFO:root:[2016-07-06 13:15:27.743497] t:31
INFO:root:[2016-07-06 13:15:27.724229] fork pid:13994
INFO:root:[2016-07-06 13:15:27.731446] fork pid:13995
INFO:root:[2016-07-06 13:15:27.743497] fork pid:13996
INFO:root:[2016-07-06 13:15:28.977891] e1 Exception:list index out of range
INFO:root:[2016-07-06 13:17:19.408519] t:0
INFO:root:[2016-07-06 13:17:19.408836] t:1
INFO:root:[2016-07-06 13:17:19.409515] t:2
INFO:root:[2016-07-06 13:17:19.411912] t:3
INFO:root:[2016-07-06 13:17:19.408836] fork pid:14134
INFO:root:[2016-07-06 13:17:19.408519] fork pid:14135
INFO:root:[2016-07-06 13:17:19.415509] t:4
INFO:root:[2016-07-06 13:17:19.416665] t:5
INFO:root:[2016-07-06 13:17:19.418940] t:6
INFO:root:[2016-07-06 13:17:19.409515] fork pid:14136
INFO:root:[2016-07-06 13:17:19.411912] fork pid:14137
INFO:root:[2016-07-06 13:17:19.422398] t:7
INFO:root:[2016-07-06 13:17:19.416665] fork pid:14138
INFO:root:[2016-07-06 13:17:19.430659] t:8
INFO:root:[2016-07-06 13:17:19.422398] fork pid:14141
INFO:root:[2016-07-06 13:17:19.440411] t:9
INFO:root:[2016-07-06 13:17:19.444538] t:10
INFO:root:[2016-07-06 13:17:19.446250] t:11
INFO:root:[2016-07-06 13:17:19.440411] fork pid:14142
INFO:root:[2016-07-06 13:17:19.446250] fork pid:14143
INFO:root:[2016-07-06 13:17:19.430659] fork pid:14144
INFO:root:[2016-07-06 13:17:19.444538] fork pid:14145
INFO:root:[2016-07-06 13:17:19.459506] t:12
INFO:root:[2016-07-06 13:17:19.473155] t:13
INFO:root:[2016-07-06 13:17:19.474844] t:14
INFO:root:[2016-07-06 13:17:19.474844] fork pid:14147
INFO:root:[2016-07-06 13:17:19.473155] fork pid:14146
INFO:root:[2016-07-06 13:17:19.507256] t:15
INFO:root:[2016-07-06 13:17:19.533297] t:16
INFO:root:[2016-07-06 13:17:19.507256] fork pid:14149
INFO:root:[2016-07-06 13:17:19.553137] t:17
INFO:root:[2016-07-06 13:17:19.555310] t:18
INFO:root:[2016-07-06 13:17:19.533297] fork pid:14150
INFO:root:[2016-07-06 13:17:19.562165] t:19
INFO:root:[2016-07-06 13:17:19.553137] fork pid:14151
INFO:root:[2016-07-06 13:17:19.577796] t:20
INFO:root:[2016-07-06 13:17:19.583449] t:21
INFO:root:[2016-07-06 13:17:19.555310] fork pid:14152
INFO:root:[2016-07-06 13:17:19.589372] t:22
INFO:root:[2016-07-06 13:17:19.562165] fork pid:14153
INFO:root:[2016-07-06 13:17:19.583449] fork pid:14154
INFO:root:[2016-07-06 13:17:19.577796] fork pid:14155
INFO:root:[2016-07-06 13:17:19.625355] t:23
INFO:root:[2016-07-06 13:17:19.589372] fork pid:14156
INFO:root:[2016-07-06 13:17:19.625355] fork pid:14157
INFO:root:[2016-07-06 13:17:19.639833] t:24
INFO:root:[2016-07-06 13:17:19.639833] fork pid:14158
INFO:root:[2016-07-06 13:17:19.652903] t:25
INFO:root:[2016-07-06 13:17:19.657713] t:26
INFO:root:[2016-07-06 13:17:19.659504] t:27
INFO:root:[2016-07-06 13:17:19.672315] t:28
INFO:root:[2016-07-06 13:17:19.652903] fork pid:14159
INFO:root:[2016-07-06 13:17:19.674561] t:29
INFO:root:[2016-07-06 13:17:19.678215] t:30
INFO:root:[2016-07-06 13:17:19.682191] t:31
INFO:root:[2016-07-06 13:17:19.657713] fork pid:14160
INFO:root:[2016-07-06 13:17:19.672315] fork pid:14162
INFO:root:[2016-07-06 13:17:19.678215] fork pid:14164
INFO:root:[2016-07-06 13:17:19.674561] fork pid:14163
INFO:root:[2016-07-06 13:17:19.682191] fork pid:14165
INFO:root:[2016-07-06 13:17:20.983400] e1 Exception:list index out of range
INFO:root:t:1
INFO:root:t:2
INFO:root:t:3
INFO:root:t:4
INFO:root:t:5
INFO:root:t:6
INFO:root:t:7
INFO:root:t:8
INFO:root:t:9
INFO:root:t:10
INFO:root:t:11
INFO:root:t:12
INFO:root:t:13
INFO:root:t:14
INFO:root:t:15
INFO:root:t:16
INFO:root:t:17
INFO:root:t:18
INFO:root:t:19
INFO:root:t:20
INFO:root:t:21
INFO:root:t:22
INFO:root:t:23
INFO:root:t:24
INFO:root:t:25
INFO:root:t:26
INFO:root:t:27
INFO:root:t:28
INFO:root:t:29
INFO:root:t:30
INFO:root:t:31
INFO:root:t:32
INFO:root:err1:
INFO:root:err1:
INFO:root:err1:
INFO:root:err1:
INFO:root:err1:
INFO:root:err1:
INFO:root:err1:
INFO:root:err1:
INFO:root:err1:
INFO:root:err1:
INFO:root:err1:
INFO:root:err1:
INFO:root:err1:
INFO:root:err1:
INFO:root:err1:
INFO:root:err1:
INFO:root:err1:
INFO:root:err1:
INFO:root:err1:
INFO:root:err1:
INFO:root:err1:
INFO:root:err1:
INFO:root:err1:
INFO:root:err1:
INFO:root:err1:
INFO:root:err1:
INFO:root:err1:
INFO:root:err1:
INFO:root:err1:
INFO:root:err1:
INFO:root:err1:
INFO:root:err1:
INFO:root:err1:
INFO:root:err1:
INFO:root:err1:
INFO:root:err1:
INFO:root:err1:
INFO:root:err1:
INFO:root:err1:
INFO:root:err1:
INFO:root:err1:
INFO:root:err1:
INFO:root:err1:
INFO:root:err1:
INFO:root:err1:
INFO:root:err1:
INFO:root:err1:
INFO:root:err1:
INFO:root:err1:
INFO:root:err1:
INFO:root:err1:
INFO:root:err1:
INFO:root:err1:
INFO:root:err1:
INFO:root:err1:
INFO:root:err1:
INFO:root:err1:
INFO:root:err1:
INFO:root:err1:
INFO:root:err1:
INFO:root:err1:
INFO:root:err1:
INFO:root:err1:
INFO:root:err1:
INFO:root:err1:
INFO:root:err1:
INFO:root:err1:
INFO:root:err1:
INFO:root:err1:
INFO:root:err1:
INFO:root:err1:
INFO:root:err1:
INFO:root:err1:
INFO:root:err1:
INFO:root:err1:
INFO:root:err1:
INFO:root:err1:
INFO:root:err1:
INFO:root:err1:
INFO:root:err1:
INFO:root:err1:
INFO:root:err1:
INFO:root:err1:
INFO:root:err1:
INFO:root:err1:
INFO:root:err1:
INFO:root:err1:
INFO:root:err1:
INFO:root:err1:
INFO:root:err1:
INFO:root:err1:
INFO:root:err1:
INFO:root:err1:
INFO:root:err1:
INFO:root:err1:
INFO:root:err1:
INFO:root:err1:
INFO:root:err1:
INFO:root:err1:
INFO:root:err1:
INFO:root:err1:
INFO:root:err1:
INFO:root:err1:
INFO:root:err1:
INFO:root:err1:
INFO:root:err1:
INFO:root:err1:
INFO:root:err1:
INFO:root:err1:
INFO:root:err1:
INFO:root:err1:
INFO:root:err1:
INFO:root:err1:
INFO:root:err1:
INFO:root:err1:
INFO:root:err1:
INFO:root:err1:
INFO:root:err1:
INFO:root:err1:
INFO:root:err1:
INFO:root:err1:
INFO:root:err1:
INFO:root:err1:
INFO:root:err1:
INFO:root:err1:
INFO:root:err1:
INFO:root:err1:
INFO:root:err1:
INFO:root:err1:
INFO:root:err1:
INFO:root:err1:
INFO:root:err1:
INFO:root:err1:
INFO:root:err1:
INFO:root:err1:
INFO:root:err1:
INFO:root:err1:
INFO:root:err1:
INFO:root:err1:
INFO:root:err1:
INFO:root:err1:
INFO:root:err1:
INFO:root:err1:
INFO:root:err1:
INFO:root:err1:
INFO:root:err1:
INFO:root:err1:
INFO:root:err1:
INFO:root:err1:
INFO:root:err1:
INFO:root:err1:
INFO:root:err1:
INFO:root:err1:
INFO:root:err1:
INFO:root:err1:
INFO:root:err1:
INFO:root:err1:
INFO:root:err1:
INFO:root:err1:
INFO:root:err1:
INFO:root:err1:
INFO:root:err1:
INFO:root:err1:
INFO:root:err1:
INFO:root:err1:
INFO:root:err1:
INFO:root:err1:
INFO:root:err1:
INFO:root:err1:
INFO:root:err1:
INFO:root:err1:
INFO:root:err1:
INFO:root:err1:
INFO:root:err1:
INFO:root:err1:
INFO:root:err1:
INFO:root:err1:
INFO:root:err1:
INFO:root:err1:
INFO:root:err1:
INFO:root:err1:
INFO:root:err1:
INFO:root:err1:
INFO:root:err1:
INFO:root:err1:
INFO:root:err1:
INFO:root:err1:
INFO:root:err1:
INFO:root:err1:
INFO:root:err1:
INFO:root:err1:
INFO:root:err1:
INFO:root:err1:
INFO:root:err1:
INFO:root:err1:
INFO:root:err1:
INFO:root:err1:
INFO:root:err1:
INFO:root:err1:
INFO:root:err1:
INFO:root:err1:
INFO:root:err1:
INFO:root:err1:
INFO:root:err1:
INFO:root:err1:
INFO:root:err1:
INFO:root:err1:
INFO:root:err1:
INFO:root:err1:
INFO:root:err1:
INFO:root:err1:
INFO:root:err1:
INFO:root:err1:
INFO:root:err1:
INFO:root:err1:
INFO:root:err1:
INFO:root:err1:
INFO:root:err1:
INFO:root:err1:
INFO:root:err1:
INFO:root:err1:
INFO:root:err1:
INFO:root:err1:
INFO:root:err1:
INFO:root:err1:
INFO:root:err1:
INFO:root:err1:
INFO:root:err1:
INFO:root:err1:
INFO:root:err1:
INFO:root:err1:
INFO:root:err1:
INFO:root:err1:
INFO:root:err1:
INFO:root:err1:
INFO:root:err1:
INFO:root:err1:
INFO:root:err1:
INFO:root:err1:
INFO:root:err1:
INFO:root:err1:
INFO:root:err1:
INFO:root:err1:
INFO:root:err1:
INFO:root:err1:
INFO:root:err1:
INFO:root:err1:
INFO:root:err1:
INFO:root:err1:
INFO:root:err1:
INFO:root:err1:
INFO:root:err1:
INFO:root:err1:
INFO:root:err1:
INFO:root:err1:
INFO:root:err1:
INFO:root:err1:
INFO:root:err1:
INFO:root:err1:
INFO:root:err1:
INFO:root:err1:
INFO:root:err1:
INFO:root:err1:
INFO:root:err1:
INFO:root:err1:
INFO:root:err1:
INFO:root:err1:
INFO:root:err1:
INFO:root:err1:
INFO:root:err1:
INFO:root:err1:
INFO:root:err1:
INFO:root:err1:
INFO:root:err1:
INFO:root:err1:
INFO:root:err1:
INFO:root:err1:
INFO:root:err1:
INFO:root:err1:
INFO:root:err1:
INFO:root:err1:
INFO:root:err1:
INFO:root:err1:
INFO:root:err1:
INFO:root:err1:
INFO:root:err1:
INFO:root:err1:
INFO:root:err1:
INFO:root:err1:
INFO:root:err1:
INFO:root:err1:
INFO:root:err1:
INFO:root:err1:
INFO:root:err1:
INFO:root:err1:
INFO:root:err1:
INFO:root:err1:
INFO:root:err1:
INFO:root:err1:
INFO:root:err1:
INFO:root:err1:
INFO:root:err1:
INFO:root:err1:
INFO:root:err1:
INFO:root:err1:
INFO:root:err1:
INFO:root:err1:
INFO:root:err1:
INFO:root:err1:
INFO:root:err1:
INFO:root:err1:
INFO:root:err1:
INFO:root:err1:
INFO:root:err1:
INFO:root:err1:
INFO:root:err1:
INFO:root:err1:
INFO:root:err1:
INFO:root:err1:
INFO:root:err1:
INFO:root:err1:
INFO:root:err1:
INFO:root:err1:
INFO:root:err1:
INFO:root:err1:
INFO:root:err1:
INFO:root:err1:
INFO:root:err1:
INFO:root:err1:
INFO:root:err1:
INFO:root:err1:
INFO:root:err1:
INFO:root:err1:
INFO:root:err1:
INFO:root:err1:
INFO:root:err1:
INFO:root:err1:
INFO:root:err1:
INFO:root:err1:
INFO:root:err1:
INFO:root:err1:
INFO:root:err1:
INFO:root:err1:
INFO:root:err1:
INFO:root:err1:
INFO:root:err1:
INFO:root:err1:
INFO:root:err1:
INFO:root:err1:
INFO:root:err1:
INFO:root:err1:
INFO:root:err1:
INFO:root:err1:
INFO:root:err1:
INFO:root:err1:
INFO:root:err1:
INFO:root:err1:
INFO:root:err1:
INFO:root:err1:
INFO:root:err1:
INFO:root:err1:
INFO:root:err1:
INFO:root:err1:
INFO:root:err1:
INFO:root:err1:
INFO:root:err1:
INFO:root:err1:
INFO:root:err1:
INFO:root:err1:
INFO:root:err1:
INFO:root:err1:
INFO:root:err1:
INFO:root:err1:
INFO:root:err1:
INFO:root:err1:
INFO:root:err1:
INFO:root:err1:
INFO:root:err1:
INFO:root:err1:
INFO:root:err1:
INFO:root:err1:
INFO:root:err1:
INFO:root:err1:
INFO:root:err1:
INFO:root:err1:
INFO:root:err1:
INFO:root:err1:
INFO:root:err1:
INFO:root:err1:
INFO:root:err1:
INFO:root:err1:
INFO:root:err1:
INFO:root:err1:
INFO:root:err1:
INFO:root:err1:
INFO:root:err1:
INFO:root:err1:
INFO:root:err1:
INFO:root:err1:
INFO:root:err1:
INFO:root:err1:
INFO:root:err1:
INFO:root:err1:
INFO:root:err1:
INFO:root:err1:
INFO:root:err1:
INFO:root:err1:
INFO:root:err1:
INFO:root:err1:
INFO:root:err1:
INFO:root:err1:
INFO:root:err1:
INFO:root:err1:
INFO:root:err1:
INFO:root:err1:
INFO:root:err1:
INFO:root:err1:
INFO:root:err1:
INFO:root:err1:
INFO:root:err1:
INFO:root:err1:
INFO:root:err1:
INFO:root:err1:
INFO:root:err1:
INFO:root:err1:
INFO:root:err1:
INFO:root:err1:
INFO:root:err1:
INFO:root:err1:
INFO:root:err1:
INFO:root:err1:
INFO:root:err1:
INFO:root:err1:
INFO:root:err1:
INFO:root:err1:
INFO:root:err1:
INFO:root:err1:
INFO:root:err1:
INFO:root:err1:
INFO:root:err1:
INFO:root:err1:
INFO:root:err1:
INFO:root:err1:
INFO:root:err1:
INFO:root:err1:
INFO:root:err1:
INFO:root:err1:
INFO:root:err1:
INFO:root:err1:
INFO:root:err1:
INFO:root:err1:
INFO:root:err1:
INFO:root:err1:
INFO:root:err1:
INFO:root:err1:
INFO:root:err1:
INFO:root:err1:
INFO:root:err1:
INFO:root:err1:
INFO:root:err1:
INFO:root:err1:
INFO:root:err1:
INFO:root:err1:
INFO:root:err1:
INFO:root:err1:
INFO:root:err1:
INFO:root:err1:
INFO:root:err1:
INFO:root:err1:
INFO:root:err1:
INFO:root:err1:
INFO:root:err1:
INFO:root:err1:
INFO:root:err1:
INFO:root:err1:
INFO:root:err1:
INFO:root:err1:
INFO:root:err1:
INFO:root:err1:
INFO:root:err1:
INFO:root:err1:
INFO:root:err1:
INFO:root:err1:
INFO:root:err1:
INFO:root:err1:
INFO:root:err1:
INFO:root:err1:
INFO:root:err1:
INFO:root:err1:
INFO:root:err1:
INFO:root:err1:
INFO:root:err1:
INFO:root:err1:
INFO:root:err1:
INFO:root:err1:
INFO:root:err1:
INFO:root:err1:
INFO:root:err1:
INFO:root:err1:
INFO:root:err1:
INFO:root:err1:
INFO:root:err1:
INFO:root:err1:
INFO:root:err1:
INFO:root:err1:
INFO:root:err1:
INFO:root:err1:
INFO:root:err1:
INFO:root:err1:
INFO:root:err1:
INFO:root:err1:
INFO:root:err1:
INFO:root:err1:
INFO:root:err1:
INFO:root:err1:
INFO:root:err1:
INFO:root:err1:
INFO:root:err1:
INFO:root:err1:
INFO:root:err1:
INFO:root:err1:
INFO:root:err1:
INFO:root:err1:
INFO:root:err1:
INFO:root:err1:
INFO:root:err1:
INFO:root:err1:
INFO:root:err1:
INFO:root:err1:
INFO:root:err1:
INFO:root:err1:
INFO:root:err1:
INFO:root:err1:
INFO:root:err1:
INFO:root:err1:
INFO:root:err1:
INFO:root:err1:
INFO:root:err1:
INFO:root:err1:
INFO:root:err1:
INFO:root:err1:
INFO:root:err1:
INFO:root:err1:
INFO:root:err1:
INFO:root:err1:
INFO:root:err1:
INFO:root:err1:
INFO:root:err1:
INFO:root:err1:
INFO:root:err1:
INFO:root:err1:
INFO:root:err1:
INFO:root:err1:
INFO:root:err1:
INFO:root:err1:
INFO:root:err1:
INFO:root:err1:
INFO:root:err1:
INFO:root:err1:
INFO:root:err1:
INFO:root:err1:
INFO:root:err1:
INFO:root:err1:
INFO:root:err1:
INFO:root:err1:
INFO:root:err1:
INFO:root:err1:
INFO:root:err1:
INFO:root:err1:
INFO:root:err1:
INFO:root:err1:
INFO:root:err1:
INFO:root:err1:
INFO:root:err1:
INFO:root:err1:
INFO:root:err1:
INFO:root:err1:
INFO:root:err1:
INFO:root:err1:
INFO:root:err1:
INFO:root:err1:
INFO:root:err1:
INFO:root:err1:
INFO:root:err1:
INFO:root:err1:
INFO:root:err1:
INFO:root:err1:
INFO:root:err1:
INFO:root:err1:
INFO:root:err1:
INFO:root:err1:
INFO:root:err1:
INFO:root:err1:
INFO:root:err1:
INFO:root:err1:
INFO:root:err1:
INFO:root:err1:
INFO:root:err1:
INFO:root:err1:
INFO:root:err1:
INFO:root:err1:
INFO:root:err1:
INFO:root:err1:
INFO:root:err1:
INFO:root:err1:
INFO:root:err1:
INFO:root:err1:
INFO:root:err1:
INFO:root:err1:
INFO:root:err1:
INFO:root:err1:
INFO:root:err1:
INFO:root:err1:
INFO:root:err1:
INFO:root:err1:
INFO:root:err1:
INFO:root:err1:
INFO:root:err1:
INFO:root:err1:
INFO:root:err1:
INFO:root:err1:
INFO:root:err1:
INFO:root:err1:
INFO:root:err1:
INFO:root:err1:
INFO:root:err1:
INFO:root:err1:
INFO:root:err1:
INFO:root:err1:
INFO:root:err1:
INFO:root:err1:
INFO:root:err1:
INFO:root:err1:
INFO:root:err1:
INFO:root:err1:
INFO:root:err1:
INFO:root:err1:
INFO:root:err1:
INFO:root:err1:
INFO:root:err1:
INFO:root:err1:
INFO:root:err1:
INFO:root:err1:
INFO:root:err1:
INFO:root:err1:
INFO:root:err1:
INFO:root:err1:
INFO:root:err1:
INFO:root:err1:
INFO:root:err1:
INFO:root:err1:
INFO:root:err1:
INFO:root:err1:
INFO:root:err1:
INFO:root:err1:
INFO:root:err1:
INFO:root:err1:
INFO:root:err1:
INFO:root:err1:
INFO:root:err1:
INFO:root:err1:
INFO:root:err1:
INFO:root:err1:
INFO:root:err1:
INFO:root:err1:
INFO:root:err1:
INFO:root:err1:
INFO:root:err1:
INFO:root:err1:
INFO:root:err1:
INFO:root:err1:
INFO:root:err1:
INFO:root:err1:
INFO:root:err1:
INFO:root:err1:
INFO:root:err1:
INFO:root:err1:
INFO:root:err1:
INFO:root:err1:
INFO:root:err1:
INFO:root:err1:
INFO:root:err1:
INFO:root:err1:
INFO:root:err1:
INFO:root:err1:
INFO:root:err1:
INFO:root:err1:
INFO:root:err1:
INFO:root:err1:
INFO:root:err1:
INFO:root:err1:
INFO:root:err1:
INFO:root:err1:
INFO:root:err1:
INFO:root:err1:
INFO:root:err1:
INFO:root:err1:
INFO:root:err1:
INFO:root:err1:
INFO:root:err1:
INFO:root:err1:
INFO:root:err1:
INFO:root:err1:
INFO:root:err1:
INFO:root:err1:
INFO:root:err1:
INFO:root:err1:
INFO:root:err1:
INFO:root:err1:
INFO:root:err1:
INFO:root:err1:
INFO:root:err1:
INFO:root:err1:
INFO:root:err1:
INFO:root:err1:
INFO:root:err1:
INFO:root:err1:
INFO:root:err1:
INFO:root:err1:
INFO:root:err1:
INFO:root:err1:
INFO:root:err1:
INFO:root:err1:
INFO:root:err1:
INFO:root:err1:
INFO:root:err1:
INFO:root:err1:
INFO:root:err1:
INFO:root:err1:
INFO:root:err1:
INFO:root:err1:
INFO:root:err1:
INFO:root:err1:
INFO:root:err1:
INFO:root:err1:
INFO:root:err1:
INFO:root:err1:
INFO:root:err1:
INFO:root:err1:
INFO:root:err1:
INFO:root:err1:
INFO:root:err1:
INFO:root:err1:
INFO:root:err1:
INFO:root:err1:
INFO:root:err1:
INFO:root:err1:
INFO:root:err1:
INFO:root:err1:
INFO:root:err1:
INFO:root:err1:
INFO:root:err1:
INFO:root:err1:
INFO:root:err1:
INFO:root:err1:
INFO:root:err1:
INFO:root:err1:
INFO:root:err1:
INFO:root:err1:
INFO:root:err1:
INFO:root:err1:
INFO:root:err1:
INFO:root:err1:
INFO:root:err1:
INFO:root:err1:
INFO:root:err1:
INFO:root:err1:
INFO:root:err1:
INFO:root:err1:
INFO:root:err1:
INFO:root:err1:
INFO:root:err1:
INFO:root:err1:
INFO:root:err1:
INFO:root:err1:
INFO:root:err1:
INFO:root:err1:
INFO:root:err1:
INFO:root:err1:
INFO:root:err1:
INFO:root:err1:
INFO:root:err1:
INFO:root:err1:
INFO:root:err1:
INFO:root:err1:
INFO:root:err1:
INFO:root:err1:
INFO:root:err1:
INFO:root:err1:
INFO:root:err1:
INFO:root:err1:
INFO:root:err1:
INFO:root:err1:
INFO:root:err1:
INFO:root:err1:
INFO:root:err1:
INFO:root:err1:
INFO:root:err1:
INFO:root:err1:
INFO:root:err1:
INFO:root:err1:
INFO:root:err1:
INFO:root:err1:
INFO:root:err1:
INFO:root:err1:
INFO:root:err1:
INFO:root:err1:
INFO:root:err1:
INFO:root:err1:
INFO:root:err1:
INFO:root:err1:
INFO:root:err1:
INFO:root:err1:
INFO:root:err1:
INFO:root:err1:
INFO:root:err1:
INFO:root:err1:
INFO:root:err1:
INFO:root:err1:
INFO:root:err1:
INFO:root:err1:
INFO:root:err1:
INFO:root:err1:
INFO:root:err1:
INFO:root:err1:
INFO:root:err1:
INFO:root:err1:
INFO:root:err1:
INFO:root:err1:
INFO:root:err1:
INFO:root:err1:
INFO:root:err1:
INFO:root:err1:
INFO:root:err1:
INFO:root:err1:
INFO:root:err1:
INFO:root:err1:
INFO:root:err1:
INFO:root:err1:
INFO:root:err1:
INFO:root:err1:
INFO:root:err1:
INFO:root:err1:
INFO:root:err1:
INFO:root:err1:
INFO:root:err1:
INFO:root:err1:
INFO:root:err1:
INFO:root:err1:
INFO:root:err1:
INFO:root:err1:
INFO:root:err1:
INFO:root:err1:
INFO:root:err1:
INFO:root:err1:
INFO:root:err1:
INFO:root:err1:
INFO:root:err1:
INFO:root:err1:
INFO:root:err1:
INFO:root:err1:
INFO:root:err1:
INFO:root:err1:
INFO:root:err1:
INFO:root:err1:
INFO:root:err1:
INFO:root:err1:
INFO:root:err1:
INFO:root:err1:
INFO:root:err1:
INFO:root:err1:
INFO:root:err1:
INFO:root:err1:
INFO:root:err1:
INFO:root:err1:
INFO:root:err1:
INFO:root:err1:
INFO:root:err1:
INFO:root:err1:
INFO:root:err1:
INFO:root:err1:
INFO:root:err1:
INFO:root:err1:
INFO:root:err1:
INFO:root:err1:
INFO:root:err1:
INFO:root:err1:
INFO:root:err1:
INFO:root:err1:
INFO:root:err1:
INFO:root:err1:
INFO:root:err1:
INFO:root:err1:
INFO:root:err1:
INFO:root:err1:
INFO:root:err1:
INFO:root:err1:
INFO:root:err1:
INFO:root:err1:
INFO:root:err1:
INFO:root:err1:
INFO:root:err1:
INFO:root:err1:
INFO:root:err1:
INFO:root:err1:
INFO:root:err1:
INFO:root:err1:
INFO:root:err1:
INFO:root:err1:
INFO:root:err1:
INFO:root:err1:
INFO:root:err1:
INFO:root:err1:
INFO:root:err1:
INFO:root:err1:
INFO:root:err1:
INFO:root:err1:
INFO:root:err1:
INFO:root:err1:
INFO:root:err1:
INFO:root:err1:
INFO:root:err1:
INFO:root:err1:
INFO:root:err1:
INFO:root:err1:
INFO:root:err1:
INFO:root:err1:
INFO:root:err1:
INFO:root:err1:
INFO:root:err1:
INFO:root:err1:
INFO:root:err1:
INFO:root:err1:
INFO:root:err1:
INFO:root:err1:
INFO:root:err1:
INFO:root:err1:
INFO:root:err1:
INFO:root:err1:
INFO:root:err1:
INFO:root:err1:
INFO:root:err1:
INFO:root:err1:
INFO:root:err1:
INFO:root:err1:
INFO:root:err1:
INFO:root:err1:
INFO:root:err1:
INFO:root:err1:
INFO:root:err1:
INFO:root:err1:
INFO:root:err1:
INFO:root:err1:
INFO:root:err1:
INFO:root:err1:
INFO:root:err1:
INFO:root:err1:
INFO:root:err1:
INFO:root:err1:
INFO:root:err1:
INFO:root:err1:
INFO:root:err1:
INFO:root:err1:
INFO:root:err1:
INFO:root:err1:
INFO:root:err1:
INFO:root:err1:
INFO:root:err1:
INFO:root:err1:
INFO:root:err1:
INFO:root:err1:
INFO:root:err1:
INFO:root:err1:
INFO:root:err1:
INFO:root:err1:
INFO:root:err1:
INFO:root:err1:
INFO:root:err1:
INFO:root:err1:
INFO:root:err1:
INFO:root:err1:
INFO:root:err1:
INFO:root:err1:
INFO:root:err1:
INFO:root:err1:
INFO:root:err1:
INFO:root:err1:
INFO:root:err1:
INFO:root:err1:
INFO:root:err1:
INFO:root:err1:
INFO:root:err1:
INFO:root:err1:
INFO:root:err1:
INFO:root:err1:
INFO:root:err1:
INFO:root:err1:
INFO:root:err1:
INFO:root:err1:
INFO:root:err1:
INFO:root:err1:
INFO:root:err1:
INFO:root:err1:
INFO:root:err1:
INFO:root:err1:
INFO:root:err1:
INFO:root:err1:
INFO:root:err1:
INFO:root:err1:
INFO:root:err1:
INFO:root:err1:
INFO:root:err1:
INFO:root:err1:
INFO:root:err1:
INFO:root:err1:
INFO:root:err1:
INFO:root:err1:
INFO:root:err1:
INFO:root:err1:
INFO:root:err1:
INFO:root:err1:
INFO:root:err1:
INFO:root:err1:
INFO:root:err1:
INFO:root:err1:
INFO:root:err1:
INFO:root:err1:
INFO:root:err1:
INFO:root:err1:
INFO:root:err1:
INFO:root:err1:
INFO:root:err1:
INFO:root:err1:
INFO:root:err1:
INFO:root:err1:
INFO:root:err1:
INFO:root:err1:
INFO:root:err1:
INFO:root:err1:
INFO:root:err1:
INFO:root:err1:
INFO:root:err1:
INFO:root:err1:
INFO:root:err1:
INFO:root:err1:
INFO:root:err1:
INFO:root:err1:
INFO:root:err1:
INFO:root:err1:
INFO:root:err1:
INFO:root:err1:
INFO:root:err1:
INFO:root:err1:
INFO:root:err1:
INFO:root:err1:
INFO:root:err1:
INFO:root:err1:
INFO:root:err1:
INFO:root:err1:
INFO:root:err1:
INFO:root:err1:
INFO:root:err1:
INFO:root:err1:
INFO:root:err1:
INFO:root:err1:
INFO:root:err1:
INFO:root:err1:
INFO:root:err1:
INFO:root:err1:
INFO:root:err1:
INFO:root:err1:
INFO:root:err1:
INFO:root:err1:
INFO:root:err1:
INFO:root:err1:
INFO:root:err1:
INFO:root:err1:
INFO:root:err1:
INFO:root:err1:
INFO:root:err1:
INFO:root:err1:
INFO:root:err1:
INFO:root:err1:
INFO:root:err1:
INFO:root:err1:
INFO:root:err1:
INFO:root:err1:
INFO:root:err1:
INFO:root:err1:
INFO:root:err1:
INFO:root:err1:
INFO:root:err1:
INFO:root:err1:
INFO:root:err1:
INFO:root:err1:
INFO:root:err1:
INFO:root:err1:
INFO:root:err1:
INFO:root:err1:
INFO:root:err1:
INFO:root:err1:
INFO:root:err1:
INFO:root:err1:
INFO:root:err1:
INFO:root:err1:
INFO:root:err1:
INFO:root:err1:
INFO:root:err1:
INFO:root:err1:
INFO:root:err1:
INFO:root:err1:
INFO:root:err1:
INFO:root:err1:
INFO:root:err1:
INFO:root:err1:
INFO:root:err1:
INFO:root:err1:
INFO:root:err1:
INFO:root:err1:
INFO:root:err1:
INFO:root:err1:
INFO:root:err1:
INFO:root:err1:
INFO:root:err1:
INFO:root:err1:
INFO:root:err1:
INFO:root:err1:
INFO:root:err1:
INFO:root:err1:
INFO:root:err1:
INFO:root:err1:
INFO:root:err1:
INFO:root:err1:
INFO:root:err1:
INFO:root:err1:
INFO:root:err1:
INFO:root:err1:
INFO:root:err1:
INFO:root:err1:
INFO:root:err1:
INFO:root:err1:
INFO:root:err1:
INFO:root:err1:
INFO:root:err1:
INFO:root:err1:
INFO:root:err1:
INFO:root:err1:
INFO:root:err1:
INFO:root:err1:
INFO:root:err1:
INFO:root:err1:
INFO:root:err1:
INFO:root:err1:
INFO:root:err1:
INFO:root:err1:
INFO:root:err1:
INFO:root:err1:
INFO:root:err1:
INFO:root:err1:
INFO:root:err1:
INFO:root:err1:
INFO:root:err1:
INFO:root:err1:
INFO:root:err1:
INFO:root:err1:
INFO:root:err1:
INFO:root:err1:
INFO:root:err1:
INFO:root:err1:
INFO:root:err1:
INFO:root:err1:
INFO:root:err1:
INFO:root:err1:
INFO:root:err1:
INFO:root:err1:
INFO:root:err1:
INFO:root:err1:
INFO:root:err1:
INFO:root:err1:
INFO:root:err1:
INFO:root:err1:
INFO:root:err1:
INFO:root:err1:
INFO:root:err1:
INFO:root:err1:
INFO:root:err1:
INFO:root:err1:
INFO:root:err1:
INFO:root:err1:
INFO:root:err1:
INFO:root:err1:
INFO:root:err1:
INFO:root:err1:
INFO:root:err1:
INFO:root:err1:
INFO:root:err1:
INFO:root:err1:
INFO:root:err1:
INFO:root:err1:
INFO:root:err1:
INFO:root:err1:
INFO:root:err1:
INFO:root:err1:
INFO:root:err1:
INFO:root:err1:
INFO:root:err1:
INFO:root:err1:
INFO:root:err1:
INFO:root:err1:
INFO:root:err1:
INFO:root:err1:
INFO:root:err1:
INFO:root:err1:
INFO:root:err1:
INFO:root:err1:
INFO:root:err1:
INFO:root:err1:
INFO:root:err1:
INFO:root:err1:
INFO:root:err1:
INFO:root:err1:
INFO:root:err1:
INFO:root:err1:
INFO:root:err1:
INFO:root:err1:
INFO:root:err1:
INFO:root:err1:
INFO:root:err1:
INFO:root:err1:
INFO:root:err1:
INFO:root:err1:
INFO:root:err1:
INFO:root:err1:
INFO:root:err1:
INFO:root:err1:
INFO:root:err1:
INFO:root:err1:
INFO:root:err1:
INFO:root:err1:
INFO:root:err1:
INFO:root:err1:
INFO:root:err1:
INFO:root:err1:
INFO:root:err1:
INFO:root:err1:
INFO:root:err1:
INFO:root:err1:
INFO:root:err1:
INFO:root:err1:
INFO:root:err1:
INFO:root:err1:
INFO:root:err1:
INFO:root:err1:
INFO:root:err1:
INFO:root:err1:
INFO:root:err1:
INFO:root:err1:
INFO:root:err1:
INFO:root:err1:
INFO:root:err1:
INFO:root:err1:
INFO:root:err1:
INFO:root:err1:
INFO:root:err1:
INFO:root:err1:
INFO:root:err1:
INFO:root:err1:
INFO:root:err1:
INFO:root:err1:
INFO:root:err1:
INFO:root:err1:
INFO:root:err1:
INFO:root:err1:
INFO:root:err1:
INFO:root:err1:
INFO:root:err1:
INFO:root:err1:
INFO:root:err1:
INFO:root:err1:
INFO:root:err1:
INFO:root:err1:
INFO:root:err1:
INFO:root:err1:
INFO:root:err1:
INFO:root:err1:
INFO:root:err1:
INFO:root:err1:
INFO:root:err1:
INFO:root:err1:
INFO:root:err1:
INFO:root:err1:
INFO:root:err1:
INFO:root:err1:
INFO:root:err1:
INFO:root:err1:
INFO:root:err1:
INFO:root:err1:
INFO:root:err1:
INFO:root:err1:
INFO:root:err1:
INFO:root:err1:
INFO:root:err1:
INFO:root:err1:
INFO:root:err1:
INFO:root:err1:
INFO:root:err1:
INFO:root:err1:
INFO:root:err1:
INFO:root:err1:
INFO:root:err1:
INFO:root:err1:
INFO:root:err1:
INFO:root:err1:
INFO:root:err1:
INFO:root:err1:
INFO:root:err1:
INFO:root:err1:
INFO:root:err1:
INFO:root:err1:
INFO:root:err1:
INFO:root:err1:
INFO:root:err1:
INFO:root:err1:
INFO:root:err1:
INFO:root:err1:
INFO:root:err1:
INFO:root:err1:
INFO:root:err1:
INFO:root:err1:
INFO:root:err1:
INFO:root:err1:
INFO:root:err1:
INFO:root:err1:
INFO:root:err1:
INFO:root:err1:
INFO:root:err1:
INFO:root:err1:
INFO:root:err1:
INFO:root:err1:
INFO:root:err1:
INFO:root:err1:
INFO:root:err1:
INFO:root:err1:
INFO:root:err1:
INFO:root:err1:
INFO:root:err1:
INFO:root:err1:
INFO:root:err1:
INFO:root:err1:
INFO:root:err1:
INFO:root:err1:
INFO:root:err1:
INFO:root:err1:
INFO:root:err1:
INFO:root:err1:
INFO:root:err1:
INFO:root:err1:
INFO:root:err1:
INFO:root:err1:
INFO:root:err1:
INFO:root:err1:
INFO:root:err1:
INFO:root:err1:
INFO:root:err1:
INFO:root:err1:
INFO:root:err1:
INFO:root:err1:
INFO:root:err1:
INFO:root:err1:
INFO:root:err1:
INFO:root:err1:
INFO:root:err1:
INFO:root:err1:
INFO:root:err1:
INFO:root:err1:
INFO:root:err1:
INFO:root:err1:
INFO:root:err1:
INFO:root:err1:
INFO:root:err1:
INFO:root:err1:
INFO:root:err1:
INFO:root:err1:
INFO:root:err1:
INFO:root:err1:
INFO:root:err1:
INFO:root:err1:
INFO:root:err1:
INFO:root:err1:
INFO:root:err1:
INFO:root:err1:
INFO:root:err1:
INFO:root:err1:
INFO:root:err1:
INFO:root:err1:
INFO:root:err1:
INFO:root:err1:
INFO:root:err1:
INFO:root:err1:
INFO:root:err1:
INFO:root:err1:
INFO:root:err1:
INFO:root:err1:
INFO:root:err1:
INFO:root:err1:
INFO:root:err1:
INFO:root:err1:
INFO:root:err1:
INFO:root:err1:
INFO:root:err1:
INFO:root:err1:
INFO:root:err1:
INFO:root:err1:
INFO:root:err1:
INFO:root:err1:
INFO:root:err1:
INFO:root:err1:
INFO:root:err1:
INFO:root:err1:
INFO:root:err1:
INFO:root:err1:
INFO:root:err1:
INFO:root:err1:
INFO:root:err1:
INFO:root:err1:
INFO:root:err1:
INFO:root:err1:
INFO:root:err1:
INFO:root:err1:
INFO:root:err1:
INFO:root:err1:
INFO:root:err1:
INFO:root:err1:
INFO:root:err1:
INFO:root:err1:
INFO:root:err1:
INFO:root:err1:
INFO:root:err1:
INFO:root:err1:
INFO:root:err1:
INFO:root:err1:
INFO:root:err1:
INFO:root:err1:
INFO:root:err1:
INFO:root:err1:
INFO:root:err1:
INFO:root:err1:
INFO:root:err1:
INFO:root:err1:
INFO:root:err1:
INFO:root:err1:
INFO:root:err1:
INFO:root:err1:
INFO:root:err1:
INFO:root:err1:
INFO:root:err1:
INFO:root:err1:
INFO:root:err1:
INFO:root:err1:
INFO:root:err1:
INFO:root:err1:
INFO:root:err1:
INFO:root:err1:
INFO:root:err1:
INFO:root:err1:
INFO:root:err1:
INFO:root:err1:
INFO:root:err1:
INFO:root:err1:
INFO:root:err1:
INFO:root:err1:
INFO:root:err1:
INFO:root:err1:
INFO:root:err1:
INFO:root:err1:
INFO:root:err1:
INFO:root:err1:
INFO:root:err1:
INFO:root:err1:
INFO:root:err1:
INFO:root:err1:
INFO:root:err1:
INFO:root:err1:
INFO:root:err1:
INFO:root:err1:
INFO:root:err1:
INFO:root:err1:
INFO:root:err1:
INFO:root:err1:
INFO:root:err1:
INFO:root:err1:
INFO:root:err1:
INFO:root:err1:
INFO:root:err1:
INFO:root:err1:
INFO:root:err1:
INFO:root:err1:
INFO:root:err1:
INFO:root:err1:
INFO:root:err1:
INFO:root:err1:
INFO:root:err1:
INFO:root:err1:
INFO:root:err1:
INFO:root:err1:
INFO:root:err1:
INFO:root:err1:
INFO:root:err1:
INFO:root:err1:
INFO:root:err1:
INFO:root:err1:
INFO:root:err1:
INFO:root:err1:
INFO:root:err1:
INFO:root:err1:
INFO:root:err1:
INFO:root:err1:
INFO:root:err1:
INFO:root:err1:
INFO:root:err1:
INFO:root:err1:
INFO:root:err1:
INFO:root:err1:
INFO:root:err1:
INFO:root:err1:
INFO:root:err1:
INFO:root:err1:
INFO:root:err1:
INFO:root:err1:
INFO:root:err1:
INFO:root:err1:
INFO:root:err1:
INFO:root:err1:
INFO:root:err1:
INFO:root:err1:
INFO:root:err1:
INFO:root:err1:
INFO:root:err1:
INFO:root:err1:
INFO:root:err1:
INFO:root:err1:
INFO:root:err1:
INFO:root:err1:
INFO:root:err1:
INFO:root:err1:
INFO:root:err1:
INFO:root:err1:
INFO:root:err1:
INFO:root:err1:
INFO:root:err1:
INFO:root:err1:
INFO:root:err1:
INFO:root:err1:
INFO:root:err1:
INFO:root:err1:
INFO:root:err1:
INFO:root:err1:
INFO:root:err1:
INFO:root:err1:
INFO:root:err1:
INFO:root:err1:
INFO:root:err1:
INFO:root:err1:
INFO:root:err1:
INFO:root:err1:
INFO:root:err1:
INFO:root:err1:
INFO:root:err1:
INFO:root:err1:
INFO:root:err1:
INFO:root:err1:
INFO:root:err1:
INFO:root:err1:
INFO:root:err1:
INFO:root:err1:
INFO:root:err1:
INFO:root:err1:
INFO:root:err1:
INFO:root:err1:
INFO:root:err1:
INFO:root:err1:
INFO:root:err1:
INFO:root:err1:
INFO:root:err1:
INFO:root:err1:
INFO:root:err1:
INFO:root:err1:
INFO:root:err1:
INFO:root:err1:
INFO:root:err1:
INFO:root:err1:
INFO:root:err1:
INFO:root:err1:
INFO:root:err1:
INFO:root:err1:
INFO:root:err1:
INFO:root:err1:
INFO:root:err1:
INFO:root:err1:
INFO:root:err1:
INFO:root:err1:
INFO:root:err1:
INFO:root:err1:
INFO:root:err1:
INFO:root:err1:
INFO:root:err1:
INFO:root:err1:
INFO:root:err1:
INFO:root:err1:
INFO:root:err1:
INFO:root:err1:
INFO:root:err1:
INFO:root:err1:
INFO:root:err1:
INFO:root:err1:
INFO:root:err1:
INFO:root:err1:
INFO:root:err1:
INFO:root:err1:
INFO:root:err1:
INFO:root:err1:
INFO:root:err1:
INFO:root:err1:
INFO:root:err1:
INFO:root:err1:
INFO:root:err1:
INFO:root:err1:
INFO:root:err1:
INFO:root:err1:
INFO:root:err1:
INFO:root:err1:
INFO:root:err1:
INFO:root:err1:
INFO:root:err1:
INFO:root:err1:
INFO:root:err1:
INFO:root:err1:
INFO:root:err1:
INFO:root:err1:
INFO:root:err1:
INFO:root:err1:
INFO:root:err1:
INFO:root:err1:
INFO:root:err1:
INFO:root:err1:
INFO:root:err1:
INFO:root:err1:
INFO:root:err1:
INFO:root:err1:
INFO:root:err1:
INFO:root:err1:
INFO:root:err1:
INFO:root:err1:
INFO:root:err1:
INFO:root:err1:
INFO:root:err1:
INFO:root:err1:
INFO:root:err1:
INFO:root:err1:
INFO:root:err1:
INFO:root:err1:
INFO:root:err1:
INFO:root:err1:
INFO:root:err1:
INFO:root:err1:
INFO:root:err1:
INFO:root:err1:
INFO:root:err1:
INFO:root:err1:
INFO:root:err1:
INFO:root:err1:
INFO:root:err1:
INFO:root:err1:
INFO:root:err1:
INFO:root:err1:
INFO:root:err1:
INFO:root:err1:
INFO:root:err1:
INFO:root:err1:
INFO:root:err1:
INFO:root:err1:
INFO:root:err1:
INFO:root:err1:
INFO:root:err1:
INFO:root:err1:
INFO:root:err1:
INFO:root:err1:
INFO:root:err1:
INFO:root:err1:
INFO:root:err1:
INFO:root:err1:
INFO:root:err1:
INFO:root:err1:
INFO:root:err1:
INFO:root:err1:
INFO:root:err1:
INFO:root:err1:
INFO:root:err1:
INFO:root:err1:
INFO:root:err1:
INFO:root:err1:
INFO:root:err1:
INFO:root:err1:
INFO:root:err1:
INFO:root:err1:
INFO:root:err1:
INFO:root:err1:
INFO:root:err1:
INFO:root:err1:
INFO:root:err1:
INFO:root:err1:
INFO:root:err1:
INFO:root:err1:
INFO:root:err1:
INFO:root:err1:
INFO:root:err1:
INFO:root:err1:
INFO:root:err1:
INFO:root:err1:
INFO:root:err1:
INFO:root:err1:
INFO:root:err1:
INFO:root:err1:
INFO:root:err1:
INFO:root:err1:
INFO:root:err1:
INFO:root:err1:
INFO:root:err1:
INFO:root:err1:
INFO:root:err1:
INFO:root:err1:
INFO:root:err1:
INFO:root:err1:
INFO:root:err1:
INFO:root:err1:
INFO:root:err1:
INFO:root:err1:
INFO:root:err1:
INFO:root:err1:
INFO:root:err1:
INFO:root:err1:
INFO:root:err1:
INFO:root:err1:
INFO:root:err1:
INFO:root:err1:
INFO:root:err1:
INFO:root:err1:
INFO:root:err1:
INFO:root:err1:
INFO:root:err1:
INFO:root:err1:
INFO:root:err1:
INFO:root:err1:
INFO:root:err1:
INFO:root:err1:
INFO:root:err1:
INFO:root:err1:
INFO:root:err1:
INFO:root:err1:
INFO:root:err1:
INFO:root:err1:
INFO:root:err1:
INFO:root:err1:
INFO:root:err1:
INFO:root:err1:
INFO:root:err1:
INFO:root:err1:
INFO:root:err1:
INFO:root:err1:
INFO:root:err1:
INFO:root:err1:
INFO:root:err1:
INFO:root:err1:
INFO:root:err1:
INFO:root:err1:
INFO:root:err1:
INFO:root:err1:
INFO:root:err1:
INFO:root:err1:
INFO:root:err1:
INFO:root:err1:
INFO:root:err1:
INFO:root:err1:
INFO:root:err1:
INFO:root:err1:
INFO:root:err1:
INFO:root:err1:
INFO:root:err1:
INFO:root:err1:
INFO:root:err1:
INFO:root:err1:
INFO:root:err1:
INFO:root:err1:
INFO:root:err1:
INFO:root:err1:
INFO:root:err1:
INFO:root:err1:
INFO:root:err1:
INFO:root:err1:
INFO:root:err1:
INFO:root:err1:
INFO:root:err1:
INFO:root:err1:
INFO:root:err1:
INFO:root:err1:
INFO:root:err1:
INFO:root:err1:
INFO:root:err1:
INFO:root:err1:
INFO:root:err1:
INFO:root:err1:
INFO:root:err1:
INFO:root:err1:
INFO:root:err1:
INFO:root:err1:
INFO:root:err1:
INFO:root:err1:
INFO:root:err1:
INFO:root:err1:
INFO:root:err1:
INFO:root:err1:
INFO:root:err1:
INFO:root:err1:
INFO:root:err1:
INFO:root:err1:
INFO:root:err1:
INFO:root:err1:
INFO:root:err1:
INFO:root:err1:
INFO:root:err1:
INFO:root:err1:
INFO:root:err1:
INFO:root:err1:
INFO:root:err1:
INFO:root:err1:
INFO:root:err1:
INFO:root:err1:
INFO:root:err1:
INFO:root:err1:
INFO:root:err1:
INFO:root:err1:
INFO:root:err1:
INFO:root:err1:
INFO:root:err1:
INFO:root:err1:
INFO:root:err1:
INFO:root:err1:
INFO:root:err1:
INFO:root:err1:
INFO:root:err1:
INFO:root:err1:
INFO:root:err1:
INFO:root:err1:
INFO:root:err1:
INFO:root:err1:
INFO:root:err1:
INFO:root:err1:
INFO:root:err1:
INFO:root:err1:
INFO:root:err1:
INFO:root:err1:
INFO:root:err1:
INFO:root:err1:
INFO:root:err1:
INFO:root:err1:
INFO:root:err1:
INFO:root:err1:
INFO:root:err1:
INFO:root:err1:
INFO:root:err1:
INFO:root:err1:
INFO:root:err1:
INFO:root:err1:
INFO:root:err1:
INFO:root:err1:
INFO:root:err1:
INFO:root:err1:
INFO:root:err1:
INFO:root:err1:
INFO:root:err1:
INFO:root:err1:
INFO:root:err1:
INFO:root:err1:
INFO:root:err1:
INFO:root:err1:
INFO:root:err1:
INFO:root:err1:
INFO:root:err1:
INFO:root:err1:
INFO:root:err1:
INFO:root:err1:
INFO:root:err1:
INFO:root:err1:
INFO:root:err1:
INFO:root:err1:
INFO:root:err1:
INFO:root:err1:
INFO:root:err1:
INFO:root:err1:
INFO:root:err1:
INFO:root:err1:
INFO:root:err1:
INFO:root:err1:
INFO:root:err1:
INFO:root:err1:
INFO:root:err1:
INFO:root:err1:
INFO:root:err1:
INFO:root:err1:
INFO:root:err1:
INFO:root:err1:
INFO:root:err1:
INFO:root:err1:
INFO:root:err1:
INFO:root:err1:
INFO:root:err1:
INFO:root:err1:
INFO:root:err1:
INFO:root:err1:
INFO:root:err1:
INFO:root:err1:
INFO:root:err1:
INFO:root:err1:
INFO:root:err1:
INFO:root:err1:
INFO:root:err1:
INFO:root:err1:
INFO:root:err1:
INFO:root:err1:
INFO:root:err1:
INFO:root:err1:
INFO:root:err1:
INFO:root:err1:
INFO:root:err1:
INFO:root:err1:
INFO:root:err1:
INFO:root:err1:
INFO:root:err1:
INFO:root:err1:
INFO:root:err1:
INFO:root:err1:
INFO:root:err1:
INFO:root:err1:
INFO:root:err1:
INFO:root:err1:
INFO:root:err1:
INFO:root:err1:
INFO:root:err1:
INFO:root:err1:
INFO:root:err1:
INFO:root:err1:
INFO:root:err1:
INFO:root:err1:
INFO:root:err1:
INFO:root:err1:
INFO:root:err1:
INFO:root:err1:
INFO:root:err1:
INFO:root:err1:
INFO:root:err1:
INFO:root:err1:
INFO:root:err1:
INFO:root:err1:
INFO:root:err1:
INFO:root:err1:
INFO:root:err1:
INFO:root:err1:
INFO:root:err1:
INFO:root:err1:
INFO:root:err1:
INFO:root:err1:
INFO:root:err1:
INFO:root:err1:
INFO:root:err1:
INFO:root:err1:
INFO:root:err1:
INFO:root:err1:
INFO:root:err1:
INFO:root:err1:
INFO:root:err1:
INFO:root:err1:
INFO:root:err1:
INFO:root:err1:
INFO:root:err1:
INFO:root:err1:
INFO:root:err1:
INFO:root:err1:
INFO:root:err1:
INFO:root:err1:
INFO:root:err1:
INFO:root:err1:
INFO:root:err1:
INFO:root:err1:
INFO:root:err1:
INFO:root:err1:
INFO:root:err1:
INFO:root:err1:
INFO:root:err1:
INFO:root:err1:
INFO:root:err1:
INFO:root:err1:
INFO:root:err1:
INFO:root:err1:
INFO:root:err1:
INFO:root:err1:
INFO:root:err1:
INFO:root:err1:
INFO:root:err1:
INFO:root:err1:
INFO:root:err1:
INFO:root:err1:
INFO:root:err1:
INFO:root:err1:
INFO:root:err1:
INFO:root:err1:
INFO:root:err1:
INFO:root:err1:
INFO:root:err1:
INFO:root:err1:
INFO:root:err1:
INFO:root:err1:
INFO:root:err1:
INFO:root:err1:
INFO:root:err1:
INFO:root:err1:
INFO:root:err1:
INFO:root:err1:
INFO:root:err1:
INFO:root:err1:
INFO:root:err1:
INFO:root:err1:
INFO:root:err1:
INFO:root:err1:
INFO:root:err1:
INFO:root:err1:
INFO:root:err1:
INFO:root:err1:
INFO:root:err1:
INFO:root:err1:
INFO:root:err1:
INFO:root:err1:
INFO:root:err1:
INFO:root:err1:
INFO:root:err1:
INFO:root:err1:
INFO:root:err1:
INFO:root:err1:
INFO:root:err1:
INFO:root:err1:
INFO:root:err1:
INFO:root:err1:
INFO:root:err1:
INFO:root:err1:
INFO:root:err1:
INFO:root:err1:
INFO:root:err1:
INFO:root:err1:
INFO:root:err1:
INFO:root:err1:
INFO:root:err1:
INFO:root:err1:
INFO:root:err1:
INFO:root:err1:
INFO:root:err1:
INFO:root:err1:
INFO:root:err1:
INFO:root:err1:
INFO:root:err1:
INFO:root:err1:
INFO:root:err1:
INFO:root:err1:
INFO:root:err1:
INFO:root:err1:
INFO:root:err1:
INFO:root:err1:
INFO:root:err1:
INFO:root:err1:
INFO:root:err1:
INFO:root:err1:
INFO:root:err1:
INFO:root:err1:
INFO:root:err1:
INFO:root:err1:
INFO:root:err1:
INFO:root:err1:
INFO:root:err1:
INFO:root:err1:
INFO:root:err1:
INFO:root:err1:
INFO:root:err1:
INFO:root:err1:
INFO:root:err1:
INFO:root:err1:
INFO:root:err1:
INFO:root:err1:
INFO:root:err1:
INFO:root:err1:
INFO:root:err1:
INFO:root:err1:
INFO:root:err1:
INFO:root:err1:
INFO:root:err1:
INFO:root:err1:
INFO:root:err1:
INFO:root:err1:
INFO:root:err1:
INFO:root:err1:
INFO:root:err1:
INFO:root:err1:
INFO:root:err1:
INFO:root:err1:
INFO:root:err1:
INFO:root:err1:
INFO:root:err1:
INFO:root:err1:
INFO:root:err1:
INFO:root:err1:
INFO:root:err1:
INFO:root:err1:
INFO:root:err1:
INFO:root:err1:
INFO:root:err1:
INFO:root:err1:
INFO:root:err1:
INFO:root:err1:
INFO:root:err1:
INFO:root:err1:
INFO:root:err1:
INFO:root:err1:
INFO:root:err1:
INFO:root:err1:
INFO:root:err1:
INFO:root:err1:
INFO:root:err1:
INFO:root:err1:
INFO:root:err1:
INFO:root:err1:
INFO:root:err1:
INFO:root:err1:
INFO:root:err1:
INFO:root:err1:
INFO:root:err1:
INFO:root:err1:
INFO:root:err1:
INFO:root:err1:
INFO:root:err1:
INFO:root:err1:
INFO:root:err1:
INFO:root:err1:
INFO:root:err1:
INFO:root:err1:
INFO:root:err1:
INFO:root:err1:
INFO:root:err1:
INFO:root:err1:
INFO:root:err1:
INFO:root:err1:
INFO:root:err1:
INFO:root:err1:
INFO:root:err1:
INFO:root:err1:
INFO:root:err1:
INFO:root:err1:
INFO:root:err1:
INFO:root:err1:
INFO:root:err1:
INFO:root:err1:
INFO:root:err1:
INFO:root:err1:
INFO:root:err1:
INFO:root:err1:
INFO:root:err1:
INFO:root:err1:
INFO:root:err1:
INFO:root:err1:
INFO:root:err1:
INFO:root:err1:
INFO:root:err1:
INFO:root:err1:
INFO:root:err1:
INFO:root:err1:
INFO:root:err1:
INFO:root:err1:
INFO:root:err1:
INFO:root:err1:
INFO:root:err1:
INFO:root:err1:
INFO:root:err1:
INFO:root:err1:
INFO:root:err1:
INFO:root:err1:
INFO:root:err1:
INFO:root:err1:
INFO:root:err1:
INFO:root:err1:
INFO:root:err1:
INFO:root:err1:
INFO:root:err1:
INFO:root:err1:
INFO:root:err1:
INFO:root:err1:
INFO:root:err1:
INFO:root:err1:
INFO:root:err1:
INFO:root:err1:
INFO:root:err1:
INFO:root:err1:
INFO:root:err1:
INFO:root:err1:
INFO:root:err1:
INFO:root:err1:
INFO:root:err1:
INFO:root:err1:
INFO:root:err1:
INFO:root:err1:
INFO:root:err1:
INFO:root:err1:
INFO:root:err1:
INFO:root:err1:
INFO:root:err1:
INFO:root:err1:
INFO:root:err1:
INFO:root:err1:
INFO:root:err1:
INFO:root:err1:
INFO:root:err1:
INFO:root:err1:
INFO:root:err1:
INFO:root:err1:
INFO:root:err1:
INFO:root:err1:
INFO:root:err1:
INFO:root:err1:
INFO:root:err1:
INFO:root:err1:
INFO:root:err1:
INFO:root:err1:
INFO:root:err1:
INFO:root:err1:
INFO:root:err1:
INFO:root:err1:
INFO:root:err1:
INFO:root:err1:
INFO:root:err1:
INFO:root:err1:
INFO:root:err1:
INFO:root:err1:
INFO:root:err1:
INFO:root:err1:
INFO:root:err1:
INFO:root:err1:
INFO:root:err1:
INFO:root:err1:
INFO:root:err1:
INFO:root:err1:
INFO:root:err1:
INFO:root:err1:
INFO:root:err1:
INFO:root:err1:
INFO:root:err1:
INFO:root:err1:
INFO:root:err1:
INFO:root:err1:
INFO:root:err1:
INFO:root:err1:
INFO:root:err1:
INFO:root:err1:
INFO:root:err1:
INFO:root:err1:
INFO:root:err1:
INFO:root:err1:
INFO:root:err1:
INFO:root:err1:
INFO:root:err1:
INFO:root:err1:
INFO:root:err1:
INFO:root:err1:
INFO:root:err1:
INFO:root:err1:
INFO:root:err1:
INFO:root:err1:
INFO:root:err1:
INFO:root:err1:
INFO:root:err1:
INFO:root:err1:
INFO:root:err1:
INFO:root:err1:
INFO:root:err1:
INFO:root:err1:
INFO:root:err1:
INFO:root:err1:
INFO:root:err1:
INFO:root:err1:
INFO:root:err1:
INFO:root:err1:
INFO:root:err1:
INFO:root:err1:
INFO:root:err1:
INFO:root:err1:
INFO:root:err1:
INFO:root:err1:
INFO:root:err1:
INFO:root:err1:
INFO:root:err1:
INFO:root:err1:
INFO:root:err1:
INFO:root:err1:
INFO:root:err1:
INFO:root:err1:
INFO:root:err1:
INFO:root:err1:
INFO:root:err1:
INFO:root:err1:
INFO:root:err1:
INFO:root:err1:
INFO:root:err1:
INFO:root:err1:
INFO:root:err1:
INFO:root:err1:
INFO:root:err1:
INFO:root:err1:
INFO:root:err1:
INFO:root:err1:
INFO:root:err1:
INFO:root:err1:
INFO:root:err1:
INFO:root:err1:
INFO:root:err1:
INFO:root:err1:
INFO:root:err1:
INFO:root:err1:
INFO:root:err1:
INFO:root:err1:
INFO:root:err1:
INFO:root:err1:
INFO:root:err1:
INFO:root:err1:
INFO:root:err1:
INFO:root:err1:
INFO:root:err1:
INFO:root:err1:
INFO:root:err1:
INFO:root:err1:
INFO:root:err1:
INFO:root:err1:
INFO:root:err1:
INFO:root:err1:
INFO:root:err1:
INFO:root:err1:
INFO:root:err1:
INFO:root:err1:
INFO:root:err1:
INFO:root:err1:
INFO:root:err1:
INFO:root:err1:
INFO:root:err1:
INFO:root:err1:
INFO:root:err1:
INFO:root:err1:
INFO:root:err1:
INFO:root:err1:
INFO:root:err1:
INFO:root:err1:
INFO:root:err1:
INFO:root:err1:
INFO:root:err1:
INFO:root:err1:
INFO:root:err1:
INFO:root:err1:
INFO:root:err1:
INFO:root:err1:
INFO:root:err1:
INFO:root:err1:
INFO:root:err1:
INFO:root:err1:
INFO:root:err1:
INFO:root:err1:
INFO:root:err1:
INFO:root:err1:
INFO:root:err1:
INFO:root:err1:
INFO:root:err1:
INFO:root:err1:
INFO:root:err1:
INFO:root:err1:
INFO:root:err1:
INFO:root:err1:
INFO:root:err1:
INFO:root:err1:
INFO:root:err1:
INFO:root:err1:
INFO:root:err1:
INFO:root:err1:
INFO:root:err1:
INFO:root:err1:
INFO:root:err1:
INFO:root:err1:
INFO:root:err1:
INFO:root:err1:
INFO:root:err1:
INFO:root:err1:
INFO:root:err1:
INFO:root:err1:
INFO:root:err1:
INFO:root:err1:
INFO:root:err1:
INFO:root:err1:
INFO:root:err1:
INFO:root:err1:
INFO:root:err1:
INFO:root:err1:
INFO:root:err1:
INFO:root:err1:
INFO:root:err1:
INFO:root:err1:
INFO:root:err1:
INFO:root:err1:
INFO:root:err1:
INFO:root:err1:
INFO:root:err1:
INFO:root:err1:
INFO:root:err1:
INFO:root:err1:
INFO:root:err1:
INFO:root:err1:
INFO:root:err1:
INFO:root:err1:
INFO:root:err1:
INFO:root:err1:
INFO:root:err1:
INFO:root:err1:
INFO:root:err1:
INFO:root:err1:
INFO:root:err1:
INFO:root:err1:
INFO:root:err1:
INFO:root:err1:
INFO:root:err1:
INFO:root:err1:
INFO:root:err1:
INFO:root:err1:
INFO:root:err1:
INFO:root:err1:
INFO:root:err1:
INFO:root:err1:
INFO:root:err1:
INFO:root:err1:
INFO:root:err1:
INFO:root:err1:
INFO:root:err1:
INFO:root:err1:
INFO:root:err1:
INFO:root:err1:
INFO:root:err1:
INFO:root:err1:
INFO:root:err1:
INFO:root:err1:
INFO:root:err1:
INFO:root:err1:
INFO:root:err1:
INFO:root:err1:
INFO:root:err1:
INFO:root:err1:
INFO:root:err1:
INFO:root:err1:
INFO:root:err1:
INFO:root:err1:
INFO:root:err1:
INFO:root:err1:
INFO:root:err1:
INFO:root:err1:
INFO:root:err1:
INFO:root:err1:
INFO:root:err1:
INFO:root:err1:
INFO:root:err1:
INFO:root:err1:
INFO:root:err1:
INFO:root:err1:
INFO:root:err1:
INFO:root:err1:
INFO:root:err1:
INFO:root:err1:
INFO:root:err1:
INFO:root:err1:
INFO:root:err1:
INFO:root:err1:
INFO:root:err1:
INFO:root:err1:
INFO:root:err1:
INFO:root:err1:
INFO:root:err1:
INFO:root:err1:
INFO:root:err1:
INFO:root:err1:
INFO:root:err1:
INFO:root:err1:
INFO:root:err1:
INFO:root:err1:
INFO:root:err1:
INFO:root:err1:
INFO:root:err1:
INFO:root:err1:
INFO:root:err1:
INFO:root:err1:
INFO:root:err1:
INFO:root:err1:
INFO:root:err1:
INFO:root:err1:
INFO:root:err1:
INFO:root:err1:
INFO:root:err1:
INFO:root:err1:
INFO:root:err1:
INFO:root:err1:
INFO:root:err1:
INFO:root:err1:
INFO:root:err1:
INFO:root:err1:
INFO:root:err1:
INFO:root:err1:
INFO:root:err1:
INFO:root:err1:
INFO:root:err1:
INFO:root:err1:
INFO:root:err1:
INFO:root:err1:
INFO:root:err1:
INFO:root:err1:
INFO:root:err1:
INFO:root:err1:
INFO:root:err1:
INFO:root:err1:
INFO:root:err1:
INFO:root:err1:
INFO:root:err1:
INFO:root:err1:
INFO:root:err1:
INFO:root:err1:
INFO:root:err1:
INFO:root:err1:
INFO:root:err1:
INFO:root:err1:
INFO:root:err1:
INFO:root:err1:
INFO:root:err1:
INFO:root:err1:
INFO:root:err1:
INFO:root:err1:
INFO:root:err1:
INFO:root:err1:
INFO:root:err1:
INFO:root:err1:
INFO:root:err1:
INFO:root:err1:
INFO:root:err1:
INFO:root:err1:
INFO:root:err1:
INFO:root:err1:
INFO:root:err1:
INFO:root:err1:list index out of range
INFO:root:err1:
INFO:root:err1:
INFO:root:err1:
INFO:root:err1:
INFO:root:err1:
INFO:root:err1:
INFO:root:err1:
INFO:root:err1:
INFO:root:err1:
INFO:root:err1:
INFO:root:err1:
INFO:root:err1:
INFO:root:err1:
INFO:root:err1:
INFO:root:err1:
INFO:root:err1:
INFO:root:err1:
INFO:root:err1:
INFO:root:err1:
INFO:root:err1:
INFO:root:err1:
INFO:root:err1:
INFO:root:err1:
INFO:root:err1:
INFO:root:err1:
INFO:root:err1:
INFO:root:err1:
INFO:root:err1:
INFO:root:err1:
INFO:root:err1:
INFO:root:err1:
INFO:root:err1:
INFO:root:err1:
INFO:root:err1:
INFO:root:err1:
INFO:root:err1:
INFO:root:err1:
INFO:root:err1:
INFO:root:err1:
INFO:root:err1:
INFO:root:err1:
INFO:root:err1:
INFO:root:err1:
INFO:root:err1:
INFO:root:err1:
INFO:root:err1:
INFO:root:err1:
INFO:root:err1:
INFO:root:err1:
INFO:root:err1:
INFO:root:err1:
INFO:root:err1:
INFO:root:err1:
INFO:root:err1:
INFO:root:err1:
INFO:root:err1:
INFO:root:err1:
INFO:root:err1:
INFO:root:err1:
INFO:root:err1:
INFO:root:err1:
INFO:root:err1:
INFO:root:err1:
INFO:root:err1:
INFO:root:err1:
INFO:root:err1:
INFO:root:err1:
INFO:root:err1:
INFO:root:err1:
INFO:root:err1:
INFO:root:err1:
INFO:root:err1:
INFO:root:err1:
INFO:root:err1:
INFO:root:err1:
INFO:root:err1:
INFO:root:err1:
INFO:root:err1:
INFO:root:err1:
INFO:root:err1:
INFO:root:err1:
INFO:root:err1:
INFO:root:err1:
INFO:root:err1:
INFO:root:err1:
INFO:root:err1:
INFO:root:err1:
INFO:root:err1:
INFO:root:err1:
INFO:root:err1:
INFO:root:err1:
INFO:root:err1:
INFO:root:err1:
INFO:root:err1:
INFO:root:err1:
INFO:root:err1:
INFO:root:err1:
INFO:root:err1:
INFO:root:err1:
INFO:root:err1:
INFO:root:err1:
INFO:root:err1:
INFO:root:err1:
INFO:root:err1:
INFO:root:err1:
INFO:root:err1:
INFO:root:err1:
INFO:root:err1:
INFO:root:err1:
INFO:root:err1:
INFO:root:err1:
INFO:root:err1:
INFO:root:err1:
INFO:root:err1:
INFO:root:err1:
INFO:root:err1:
INFO:root:err1:
INFO:root:err1:
INFO:root:err1:
INFO:root:err1:
INFO:root:err1:
INFO:root:err1:
INFO:root:err1:
INFO:root:err1:
INFO:root:err1:
INFO:root:err1:
INFO:root:err1:
INFO:root:err1:
INFO:root:err1:
INFO:root:err1:
INFO:root:err1:
INFO:root:err1:
INFO:root:err1:
INFO:root:err1:
INFO:root:err1:
INFO:root:err1:
INFO:root:err1:
INFO:root:err1:
INFO:root:err1:
INFO:root:err1:
INFO:root:err1:
INFO:root:err1:
INFO:root:err1:
INFO:root:err1:
INFO:root:err1:
INFO:root:err1:
INFO:root:err1:
INFO:root:err1:
INFO:root:err1:
INFO:root:err1:
INFO:root:err1:
INFO:root:err1:
INFO:root:err1:
INFO:root:err1:
INFO:root:err1:
INFO:root:err1:
INFO:root:err1:
INFO:root:err1:
INFO:root:err1:
INFO:root:err1:
INFO:root:err1:
INFO:root:err1:
INFO:root:err1:
INFO:root:err1:
INFO:root:err1:
INFO:root:err1:
INFO:root:err1:
INFO:root:err1:
INFO:root:err1:
INFO:root:err1:
INFO:root:err1:
INFO:root:err1:
INFO:root:err1:
INFO:root:err1:
INFO:root:err1:
INFO:root:err1:
INFO:root:err1:
INFO:root:err1:
INFO:root:err1:
INFO:root:err1:
INFO:root:err1:
INFO:root:err1:
INFO:root:err1:
INFO:root:err1:
INFO:root:err1:
INFO:root:err1:
INFO:root:err1:
INFO:root:err1:
INFO:root:err1:
INFO:root:err1:
INFO:root:err1:
INFO:root:err1:
INFO:root:err1:
INFO:root:err1:
INFO:root:err1:
INFO:root:err1:
INFO:root:err1:
INFO:root:err1:
INFO:root:err1:
INFO:root:err1:
INFO:root:err1:
INFO:root:err1:
INFO:root:err1:
INFO:root:err1:
INFO:root:err1:
INFO:root:err1:
INFO:root:err1:
INFO:root:err1:
INFO:root:err1:
INFO:root:err1:
INFO:root:err1:
INFO:root:err1:
INFO:root:err1:
INFO:root:err1:
INFO:root:err1:
INFO:root:err1:
INFO:root:err1:
INFO:root:err1:
INFO:root:err1:
INFO:root:err1:
INFO:root:err1:
INFO:root:err1:
INFO:root:err1:
INFO:root:err1:
INFO:root:err1:
INFO:root:err1:
INFO:root:err1:
INFO:root:err1:
INFO:root:err1:
INFO:root:err1:
INFO:root:err1:
INFO:root:err1:
INFO:root:err1:
INFO:root:err1:
INFO:root:err1:
INFO:root:err1:
INFO:root:err1:
INFO:root:err1:
INFO:root:err1:
INFO:root:err1:
INFO:root:err1:
INFO:root:err1:
INFO:root:err1:
INFO:root:err1:
INFO:root:err1:
INFO:root:err1:
INFO:root:err1:
INFO:root:err1:
INFO:root:err1:
INFO:root:err1:
INFO:root:err1:
INFO:root:err1:
INFO:root:err1:
INFO:root:err1:
INFO:root:err1:
INFO:root:err1:
INFO:root:err1:
INFO:root:err1:
INFO:root:err1:
INFO:root:err1:
INFO:root:err1:
INFO:root:err1:
INFO:root:err1:
INFO:root:err1:
INFO:root:err1:
INFO:root:err1:
INFO:root:err1:
INFO:root:err1:
INFO:root:err1:
INFO:root:err1:
INFO:root:err1:
INFO:root:err1:
INFO:root:err1:
INFO:root:err1:
INFO:root:err1:
INFO:root:err1:
INFO:root:err1:
INFO:root:err1:
INFO:root:err1:
INFO:root:err1:
INFO:root:err1:
INFO:root:err1:
INFO:root:err1:
INFO:root:err1:
INFO:root:err1:
INFO:root:err1:
INFO:root:err1:
INFO:root:err1:
INFO:root:err1:
INFO:root:err1:
INFO:root:err1:
INFO:root:err1:
INFO:root:err1:
INFO:root:err1:
INFO:root:err1:
INFO:root:err1:
INFO:root:err1:
INFO:root:err1:
INFO:root:err1:
INFO:root:err1:
INFO:root:err1:
INFO:root:err1:
INFO:root:err1:
INFO:root:err1:
INFO:root:err1:
INFO:root:err1:
INFO:root:err1:
INFO:root:err1:
INFO:root:err1:
INFO:root:err1:
INFO:root:err1:
INFO:root:err1:
INFO:root:err1:
INFO:root:err1:
INFO:root:err1:
INFO:root:err1:
INFO:root:err1:
INFO:root:err1:
INFO:root:err1:
INFO:root:err1:
INFO:root:err1:
INFO:root:err1:
INFO:root:err1:
INFO:root:err1:
INFO:root:err1:
INFO:root:err1:
INFO:root:err1:
INFO:root:err1:
INFO:root:err1:
INFO:root:err1:
INFO:root:err1:
INFO:root:err1:
INFO:root:err1:
INFO:root:err1:
INFO:root:err1:
INFO:root:err1:
INFO:root:err1:
INFO:root:err1:
INFO:root:err1:
INFO:root:err1:
INFO:root:err1:
INFO:root:err1:
INFO:root:err1:
INFO:root:err1:
INFO:root:err1:
INFO:root:err1:
INFO:root:err1:
INFO:root:err1:
INFO:root:err1:
INFO:root:err1:
INFO:root:err1:
INFO:root:err1:
INFO:root:err1:
INFO:root:err1:
INFO:root:err1:
INFO:root:err1:
INFO:root:err1:
INFO:root:err1:
INFO:root:err1:
INFO:root:err1:
INFO:root:err1:
INFO:root:err1:
INFO:root:err1:
INFO:root:err1:
INFO:root:err1:
INFO:root:err1:
INFO:root:err1:
INFO:root:err1:
INFO:root:err1:
INFO:root:err1:
INFO:root:err1:
INFO:root:err1:
INFO:root:err1:
INFO:root:err1:
INFO:root:err1:
INFO:root:err1:
INFO:root:err1:
INFO:root:err1:
INFO:root:err1:
INFO:root:err1:
INFO:root:err1:
INFO:root:err1:
INFO:root:err1:
INFO:root:err1:
INFO:root:err1:
INFO:root:err1:
INFO:root:err1:
INFO:root:err1:
INFO:root:err1:
INFO:root:err1:
INFO:root:err1:
INFO:root:err1:
INFO:root:err1:
INFO:root:err1:
INFO:root:err1:
INFO:root:err1:
INFO:root:err1:
INFO:root:err1:
INFO:root:err1:
INFO:root:err1:
INFO:root:err1:
INFO:root:err1:
INFO:root:err1:
INFO:root:err1:
INFO:root:err1:
INFO:root:err1:
INFO:root:err1:
INFO:root:err1:
INFO:root:err1:
INFO:root:err1:
INFO:root:err1:
INFO:root:err1:
INFO:root:err1:
INFO:root:err1:
INFO:root:err1:
INFO:root:err1:
INFO:root:err1:
INFO:root:err1:
INFO:root:err1:
INFO:root:err1:
INFO:root:err1:
INFO:root:err1:
INFO:root:err1:
INFO:root:err1:
INFO:root:err1:
INFO:root:err1:
INFO:root:err1:
INFO:root:err1:
INFO:root:err1:
INFO:root:err1:
INFO:root:err1:
INFO:root:err1:
INFO:root:err1:
INFO:root:err1:
INFO:root:err1:
INFO:root:err1:
INFO:root:err1:
INFO:root:err1:
INFO:root:err1:
INFO:root:err1:
INFO:root:err1:
INFO:root:err1:
INFO:root:err1:
INFO:root:err1:
INFO:root:err1:
INFO:root:err1:
INFO:root:err1:
INFO:root:err1:
INFO:root:err1:
INFO:root:err1:
INFO:root:err1:
INFO:root:err1:
INFO:root:err1:
INFO:root:err1:
INFO:root:err1:
INFO:root:err1:
INFO:root:err1:
INFO:root:err1:
INFO:root:err1:
INFO:root:err1:
INFO:root:err1:
INFO:root:err1:
INFO:root:err1:
INFO:root:err1:
INFO:root:err1:
INFO:root:err1:
INFO:root:err1:
INFO:root:err1:
INFO:root:err1:
INFO:root:err1:
INFO:root:err1:
INFO:root:err1:
INFO:root:err1:
INFO:root:err1:
INFO:root:err1:
INFO:root:err1:
INFO:root:err1:
INFO:root:err1:
INFO:root:err1:
INFO:root:err1:
INFO:root:err1:
INFO:root:err1:
INFO:root:err1:
INFO:root:err1:
INFO:root:err1:
INFO:root:err1:
INFO:root:err1:
INFO:root:err1:
INFO:root:err1:
INFO:root:err1:
INFO:root:err1:
INFO:root:err1:
INFO:root:err1:
INFO:root:err1:
INFO:root:err1:
INFO:root:err1:
INFO:root:err1:
INFO:root:err1:
INFO:root:err1:
INFO:root:err1:
INFO:root:err1:
INFO:root:err1:
INFO:root:err1:
INFO:root:err1:
INFO:root:err1:
INFO:root:err1:
INFO:root:err1:
INFO:root:err1:
INFO:root:err1:
INFO:root:err1:
INFO:root:err1:
INFO:root:err1:
INFO:root:err1:
INFO:root:err1:
INFO:root:err1:
INFO:root:err1:
INFO:root:err1:
INFO:root:err1:
INFO:root:err1:
INFO:root:err1:
INFO:root:err1:
INFO:root:err1:
INFO:root:err1:
INFO:root:err1:
INFO:root:err1:
INFO:root:err1:
INFO:root:err1:
INFO:root:err1:
INFO:root:err1:
INFO:root:err1:
INFO:root:err1:
INFO:root:err1:
INFO:root:err1:
INFO:root:err1:
INFO:root:err1:
INFO:root:err1:
INFO:root:err1:
INFO:root:err1:
INFO:root:err1:
INFO:root:err1:
INFO:root:err1:
INFO:root:err1:
INFO:root:err1:
INFO:root:err1:
INFO:root:err1:
INFO:root:err1:
INFO:root:err1:
INFO:root:err1:
INFO:root:err1:
INFO:root:err1:
INFO:root:err1:
INFO:root:err1:
INFO:root:err1:
INFO:root:err1:
INFO:root:err1:
INFO:root:err1:
INFO:root:err1:
INFO:root:err1:
INFO:root:err1:
INFO:root:err1:
INFO:root:err1:
INFO:root:err1:
INFO:root:err1:
INFO:root:err1:
INFO:root:err1:
INFO:root:err1:
INFO:root:err1:
INFO:root:err1:
INFO:root:err1:
INFO:root:err1:
INFO:root:err1:
INFO:root:err1:
INFO:root:err1:
INFO:root:err1:
INFO:root:err1:
INFO:root:err1:
INFO:root:err1:
INFO:root:err1:
INFO:root:err1:
INFO:root:err1:
INFO:root:err1:
INFO:root:err1:
INFO:root:err1:
INFO:root:err1:
INFO:root:err1:
INFO:root:err1:
INFO:root:err1:
INFO:root:err1:
INFO:root:err1:
INFO:root:err1:
INFO:root:err1:
INFO:root:err1:
INFO:root:err1:
INFO:root:err1:
INFO:root:err1:
INFO:root:err1:
INFO:root:err1:
INFO:root:err1:
INFO:root:err1:
INFO:root:err1:
INFO:root:err1:
INFO:root:err1:
INFO:root:err1:
INFO:root:err1:
INFO:root:err1:
INFO:root:err1:
INFO:root:err1:
INFO:root:err1:
INFO:root:err1:
INFO:root:err1:
INFO:root:err1:
INFO:root:err1:
INFO:root:err1:
INFO:root:err1:
INFO:root:err1:
INFO:root:err1:
INFO:root:err1:
INFO:root:err1:
INFO:root:err1:
INFO:root:err1:
INFO:root:err1:
INFO:root:err1:
INFO:root:err1:
INFO:root:err1:
INFO:root:err1:
INFO:root:err1:
INFO:root:err1:
INFO:root:err1:
INFO:root:err1:
INFO:root:err1:
INFO:root:err1:
INFO:root:err1:
INFO:root:err1:
INFO:root:err1:
INFO:root:err1:
INFO:root:err1:
INFO:root:err1:
INFO:root:err1:
INFO:root:err1:
INFO:root:err1:
INFO:root:err1:
INFO:root:err1:
INFO:root:err1:
INFO:root:err1:
INFO:root:err1:
INFO:root:err1:
INFO:root:err1:
INFO:root:err1:
INFO:root:err1:
INFO:root:err1:
INFO:root:err1:
INFO:root:err1:
INFO:root:err1:
INFO:root:err1:
INFO:root:err1:
INFO:root:err1:
INFO:root:err1:
INFO:root:err1:
INFO:root:err1:
INFO:root:err1:
INFO:root:err1:
INFO:root:err1:
INFO:root:err1:
INFO:root:err1:
INFO:root:err1:
INFO:root:err1:
INFO:root:err1:
INFO:root:err1:
INFO:root:err1:
INFO:root:err1:
INFO:root:err1:
INFO:root:err1:
INFO:root:err1:
INFO:root:err1:
INFO:root:err1:
INFO:root:err1:
INFO:root:err1:
INFO:root:err1:
INFO:root:err1:
INFO:root:err1:
INFO:root:err1:
INFO:root:err1:
INFO:root:err1:
INFO:root:err1:
INFO:root:err1:
INFO:root:err1:
INFO:root:err1:
INFO:root:err1:
INFO:root:err1:
INFO:root:err1:
INFO:root:err1:
INFO:root:err1:
INFO:root:err1:
INFO:root:err1:
INFO:root:err1:
INFO:root:err1:
INFO:root:err1:
INFO:root:err1:
INFO:root:err1:
INFO:root:err1:
INFO:root:err1:
INFO:root:err1:
INFO:root:err1:
INFO:root:err1:
INFO:root:err1:
INFO:root:err1:
INFO:root:err1:
INFO:root:err1:
INFO:root:err1:
INFO:root:err1:
INFO:root:err1:
INFO:root:err1:
INFO:root:err1:
INFO:root:err1:
INFO:root:err1:
INFO:root:err1:
INFO:root:err1:
INFO:root:err1:
INFO:root:err1:
INFO:root:err1:
INFO:root:err1:
INFO:root:err1:
INFO:root:err1:
INFO:root:err1:
INFO:root:err1:
INFO:root:err1:
INFO:root:err1:
INFO:root:err1:
INFO:root:err1:
INFO:root:err1:
INFO:root:err1:
INFO:root:err1:
INFO:root:err1:
INFO:root:err1:
INFO:root:err1:
INFO:root:err1:
INFO:root:err1:
INFO:root:err1:
INFO:root:err1:
INFO:root:err1:
INFO:root:err1:
INFO:root:err1:
INFO:root:err1:
INFO:root:err1:
INFO:root:err1:
INFO:root:err1:
INFO:root:err1:
INFO:root:err1:
INFO:root:err1:
INFO:root:err1:
INFO:root:err1:
INFO:root:err1:
INFO:root:err1:
INFO:root:err1:
INFO:root:err1:
INFO:root:err1:
INFO:root:err1:
INFO:root:err1:
INFO:root:err1:
INFO:root:err1:
INFO:root:err1:
INFO:root:err1:
INFO:root:err1:
INFO:root:err1:
INFO:root:err1:
INFO:root:err1:
INFO:root:err1:
INFO:root:err1:
INFO:root:err1:
INFO:root:err1:
INFO:root:err1:
INFO:root:err1:
INFO:root:err1:
INFO:root:err1:
INFO:root:err1:
INFO:root:err1:
INFO:root:err1:
INFO:root:err1:
INFO:root:err1:
INFO:root:err1:
INFO:root:err1:
INFO:root:err1:
INFO:root:err1:
INFO:root:err1:
INFO:root:err1:
INFO:root:err1:
INFO:root:err1:
INFO:root:err1:
INFO:root:err1:
INFO:root:err1:
INFO:root:err1:
INFO:root:err1:
INFO:root:err1:
INFO:root:err1:
INFO:root:err1:
INFO:root:err1:
INFO:root:err1:
INFO:root:err1:
INFO:root:err1:
INFO:root:err1:
INFO:root:err1:
INFO:root:err1:
INFO:root:err1:
INFO:root:err1:
INFO:root:err1:
INFO:root:err1:
INFO:root:err1:
INFO:root:err1:
INFO:root:err1:
INFO:root:err1:
INFO:root:err1:
INFO:root:err1:
INFO:root:err1:
INFO:root:err1:
INFO:root:err1:
INFO:root:err1:
INFO:root:err1:
INFO:root:err1:
INFO:root:err1:
INFO:root:err1:
INFO:root:err1:
INFO:root:err1:
INFO:root:err1:
INFO:root:err1:
INFO:root:err1:
INFO:root:err1:
INFO:root:err1:
INFO:root:err1:
INFO:root:err1:
INFO:root:err1:
INFO:root:err1:
INFO:root:err1:
INFO:root:err1:
INFO:root:err1:
INFO:root:err1:
INFO:root:err1:
INFO:root:err1:
INFO:root:err1:
INFO:root:err1:
INFO:root:err1:
INFO:root:err1:
INFO:root:err1:
INFO:root:err1:
INFO:root:err1:
INFO:root:err1:
INFO:root:err1:
INFO:root:err1:
INFO:root:err1:
INFO:root:err1:
INFO:root:err1:
INFO:root:err1:
INFO:root:err1:
INFO:root:err1:
INFO:root:err1:
INFO:root:err1:
INFO:root:err1:
INFO:root:err1:
INFO:root:err1:
INFO:root:err1:
INFO:root:err1:
INFO:root:err1:
INFO:root:err1:
INFO:root:err1:
INFO:root:err1:
INFO:root:err1:
INFO:root:err1:
INFO:root:err1:
INFO:root:err1:
INFO:root:err1:
INFO:root:err1:
INFO:root:err1:
INFO:root:err1:
INFO:root:err1:
INFO:root:err1:
INFO:root:err1:
INFO:root:err1:
INFO:root:err1:
INFO:root:err1:
INFO:root:err1:
INFO:root:err1:
INFO:root:err1:
INFO:root:err1:
INFO:root:err1:
INFO:root:err1:
INFO:root:err1:
INFO:root:err1:
INFO:root:err1:
INFO:root:err1:
INFO:root:err1:
INFO:root:err1:
INFO:root:err1:
INFO:root:err1:
INFO:root:err1:
INFO:root:err1:
INFO:root:err1:
INFO:root:err1:
INFO:root:err1:
INFO:root:err1:
INFO:root:err1:
INFO:root:err1:
INFO:root:err1:
INFO:root:err1:
INFO:root:err1:
INFO:root:err1:
INFO:root:err1:
INFO:root:err1:
INFO:root:err1:
INFO:root:err1:
INFO:root:err1:
INFO:root:err1:
INFO:root:err1:
INFO:root:err1:
INFO:root:err1:
INFO:root:err1:
INFO:root:err1:
INFO:root:err1:
INFO:root:err1:
INFO:root:err1:
INFO:root:err1:
INFO:root:err1:
INFO:root:err1:
INFO:root:err1:
INFO:root:err1:
INFO:root:err1:
INFO:root:err1:
INFO:root:err1:
INFO:root:err1:
INFO:root:err1:
INFO:root:err1:
INFO:root:err1:
INFO:root:err1:
INFO:root:err1:
INFO:root:err1:
INFO:root:err1:
INFO:root:err1:
INFO:root:err1:
INFO:root:err1:
INFO:root:err1:
INFO:root:err1:
INFO:root:err1:
INFO:root:err1:
INFO:root:err1:
INFO:root:err1:
INFO:root:err1:
INFO:root:err1:
INFO:root:err1:
INFO:root:err1:
INFO:root:err1:
INFO:root:err1:
INFO:root:err1:
INFO:root:err1:
INFO:root:err1:
INFO:root:err1:
INFO:root:err1:
INFO:root:err1:
INFO:root:err1:
INFO:root:err1:
INFO:root:err1:
INFO:root:err1:
INFO:root:err1:
INFO:root:err1:
INFO:root:err1:
INFO:root:err1:
INFO:root:err1:
INFO:root:err1:
INFO:root:err1:
INFO:root:err1:
INFO:root:err1:
INFO:root:err1:
INFO:root:err1:
INFO:root:err1:
INFO:root:err1:
INFO:root:err1:
INFO:root:err1:
INFO:root:err1:
INFO:root:err1:
INFO:root:err1:
INFO:root:err1:
INFO:root:err1:
INFO:root:err1:
INFO:root:err1:
INFO:root:err1:
INFO:root:err1:
INFO:root:err1:
INFO:root:err1:
INFO:root:err1:
INFO:root:err1:
INFO:root:err1:
INFO:root:err1:
INFO:root:err1:
INFO:root:err1:
INFO:root:err1:
INFO:root:err1:
INFO:root:err1:
INFO:root:err1:
INFO:root:err1:
INFO:root:err1:
INFO:root:err1:
INFO:root:err1:
INFO:root:err1:
INFO:root:err1:
INFO:root:err1:
INFO:root:err1:
INFO:root:err1:
INFO:root:err1:
INFO:root:err1:
INFO:root:err1:
INFO:root:err1:
INFO:root:err1:
INFO:root:err1:
INFO:root:err1:
INFO:root:err1:
INFO:root:err1:
INFO:root:err1:
INFO:root:err1:
INFO:root:err1:
INFO:root:err1:
INFO:root:err1:
INFO:root:err1:
INFO:root:err1:
INFO:root:err1:
INFO:root:err1:
INFO:root:err1:
INFO:root:err1:
INFO:root:err1:
INFO:root:err1:
INFO:root:err1:
INFO:root:err1:
INFO:root:err1:
INFO:root:err1:
INFO:root:err1:
INFO:root:err1:
INFO:root:err1:
INFO:root:err1:
INFO:root:err1:
INFO:root:err1:
INFO:root:err1:
INFO:root:err1:
INFO:root:err1:
INFO:root:err1:
INFO:root:err1:
INFO:root:err1:
INFO:root:err1:
INFO:root:err1:
INFO:root:err1:
INFO:root:err1:
INFO:root:err1:
INFO:root:err1:
INFO:root:err1:
INFO:root:err1:
INFO:root:err1:
INFO:root:err1:
INFO:root:err1:
INFO:root:err1:
INFO:root:err1:
INFO:root:err1:
INFO:root:err1:
INFO:root:err1:
INFO:root:err1:
INFO:root:err1:
INFO:root:err1:
INFO:root:err1:
INFO:root:err1:
INFO:root:err1:
INFO:root:err1:
INFO:root:err1:
INFO:root:err1:
INFO:root:err1:
INFO:root:err1:
INFO:root:err1:
INFO:root:err1:
INFO:root:err1:
INFO:root:err1:
INFO:root:err1:
INFO:root:err1:
INFO:root:err1:
INFO:root:err1:
INFO:root:err1:
INFO:root:err1:
INFO:root:err1:
INFO:root:err1:
INFO:root:err1:
INFO:root:err1:
INFO:root:err1:
INFO:root:err1:
INFO:root:err1:
INFO:root:err1:
INFO:root:err1:
INFO:root:err1:
INFO:root:err1:
INFO:root:err1:
INFO:root:err1:
INFO:root:err1:
INFO:root:err1:
INFO:root:err1:
INFO:root:err1:
INFO:root:err1:
INFO:root:err1:
INFO:root:err1:
INFO:root:err1:
INFO:root:err1:
INFO:root:err1:
INFO:root:err1:
INFO:root:err1:
INFO:root:err1:
INFO:root:err1:
INFO:root:err1:
INFO:root:err1:
INFO:root:err1:
INFO:root:err1:
INFO:root:err1:
INFO:root:err1:
INFO:root:err1:
INFO:root:err1:
INFO:root:err1:
INFO:root:err1:
INFO:root:err1:
INFO:root:err1:
INFO:root:err1:
INFO:root:err1:
INFO:root:err1:
INFO:root:err1:
INFO:root:err1:
INFO:root:err1:
INFO:root:err1:
INFO:root:err1:
INFO:root:err1:
INFO:root:err1:
INFO:root:err1:
INFO:root:err1:
INFO:root:err1:
INFO:root:err1:
INFO:root:err1:
INFO:root:err1:
INFO:root:err1:
INFO:root:err1:
INFO:root:err1:
INFO:root:err1:
INFO:root:err1:
INFO:root:err1:
INFO:root:err1:
INFO:root:err1:
INFO:root:err1:
INFO:root:err1:
INFO:root:err1:
INFO:root:err1:
INFO:root:err1:
INFO:root:err1:
INFO:root:err1:
INFO:root:err1:
INFO:root:err1:
INFO:root:err1:
INFO:root:err1:
INFO:root:err1:
INFO:root:err1:
INFO:root:err1:
INFO:root:err1:
INFO:root:err1:
INFO:root:err1:
INFO:root:err1:
INFO:root:err1:
INFO:root:err1:
INFO:root:err1:
INFO:root:err1:
INFO:root:err1:
INFO:root:err1:
INFO:root:err1:
INFO:root:err1:
INFO:root:err1:
INFO:root:err1:
INFO:root:err1:
INFO:root:err1:
INFO:root:err1:
INFO:root:err1:
INFO:root:err1:
INFO:root:err1:
INFO:root:err1:
INFO:root:err1:
INFO:root:err1:
INFO:root:err1:
INFO:root:err1:
INFO:root:err1:
INFO:root:err1:
INFO:root:err1:
INFO:root:err1:
INFO:root:err1:
INFO:root:err1:
INFO:root:err1:
INFO:root:err1:
INFO:root:err1:
INFO:root:err1:
INFO:root:err1:
INFO:root:err1:
INFO:root:err1:
INFO:root:err1:
INFO:root:err1:
INFO:root:err1:
INFO:root:err1:
INFO:root:err1:
INFO:root:err1:
INFO:root:err1:
INFO:root:err1:
INFO:root:err1:
INFO:root:err1:
INFO:root:err1:
INFO:root:err1:
INFO:root:err1:
INFO:root:err1:
INFO:root:err1:
INFO:root:err1:
INFO:root:err1:
INFO:root:err1:
INFO:root:err1:
INFO:root:err1:
INFO:root:err1:
INFO:root:err1:
INFO:root:err1:
INFO:root:err1:
INFO:root:err1:
INFO:root:err1:
INFO:root:err1:
INFO:root:err1:
INFO:root:err1:
INFO:root:err1:
INFO:root:err1:
INFO:root:err1:
INFO:root:err1:
INFO:root:err1:
INFO:root:err1:
INFO:root:err1:
INFO:root:err1:
INFO:root:err1:
INFO:root:err1:
INFO:root:err1:
INFO:root:err1:
INFO:root:err1:
INFO:root:err1:
INFO:root:err1:
INFO:root:err1:
INFO:root:err1:
INFO:root:err1:
INFO:root:err1:
INFO:root:err1:
INFO:root:err1:
INFO:root:err1:
INFO:root:err1:
INFO:root:err1:
INFO:root:err1:
INFO:root:err1:
INFO:root:err1:
INFO:root:err1:
INFO:root:err1:
INFO:root:err1:
INFO:root:err1:
INFO:root:err1:
INFO:root:err1:
INFO:root:err1:
INFO:root:err1:
INFO:root:err1:
INFO:root:err1:
INFO:root:err1:
INFO:root:err1:
INFO:root:err1:
INFO:root:err1:
INFO:root:err1:
INFO:root:err1:
INFO:root:err1:
INFO:root:err1:
INFO:root:err1:
INFO:root:err1:
INFO:root:err1:
INFO:root:err1:
INFO:root:err1:
INFO:root:err1:
INFO:root:err1:
INFO:root:err1:
INFO:root:err1:
INFO:root:err1:
INFO:root:err1:
INFO:root:err1:
INFO:root:err1:
INFO:root:err1:
INFO:root:err1:
INFO:root:err1:
INFO:root:err1:
INFO:root:err1:
INFO:root:err1:
INFO:root:err1:
INFO:root:err1:
INFO:root:err1:
INFO:root:err1:
INFO:root:err1:
INFO:root:err1:
INFO:root:err1:
INFO:root:err1:
INFO:root:err1:
INFO:root:err1:
INFO:root:err1:
INFO:root:err1:
INFO:root:err1:
INFO:root:err1:
INFO:root:err1:
INFO:root:err1:
INFO:root:err1:
INFO:root:err1:
INFO:root:err1:
INFO:root:err1:
INFO:root:err1:
INFO:root:err1:
INFO:root:err1:
INFO:root:err1:
INFO:root:err1:
INFO:root:err1:
INFO:root:err1:
INFO:root:err1:
INFO:root:err1:
INFO:root:err1:
INFO:root:err1:
INFO:root:err1:
INFO:root:err1:
INFO:root:err1:
INFO:root:err1:
INFO:root:err1:
INFO:root:err1:
INFO:root:err1:
INFO:root:err1:
INFO:root:err1:
INFO:root:err1:
INFO:root:err1:
INFO:root:err1:
INFO:root:err1:
INFO:root:err1:
INFO:root:err1:
INFO:root:err1:
INFO:root:err1:
INFO:root:err1:
INFO:root:err1:
INFO:root:err1:
INFO:root:err1:
INFO:root:err1:
INFO:root:err1:
INFO:root:err1:
INFO:root:err1:
INFO:root:err1:
INFO:root:err1:
INFO:root:err1:
INFO:root:err1:
INFO:root:err1:
INFO:root:err1:
INFO:root:err1:
INFO:root:err1:
INFO:root:err1:
INFO:root:t:1
INFO:root:fork pid:14424
INFO:root:t:1
INFO:root:fork pid:14483
INFO:root:[2016-07-06 13:25:06.955276] t:0
INFO:root:[2016-07-06 13:25:06.955276] fork pid:14626
INFO:root:[2016-07-06 13:25:07.669922] e1 Exception:list index out of range
INFO:root:[2016-07-06 13:29:56.727236] t:0
INFO:root:[2016-07-06 13:29:56.727236] fork pid:14886
INFO:root:[2016-07-06 13:33:16.109201] t:0
INFO:root:[2016-07-06 13:33:16.109201] fork pid:15081
INFO:root:[2016-07-06 13:38:49.190565] t:0
INFO:root:[2016-07-06 13:38:49.190565] fork pid:15457
INFO:root:[2016-07-06 13:42:33.872992] t:0
INFO:root:[2016-07-06 13:42:33.872992] fork pid:15732
INFO:root:[2016-07-06 13:46:14.153919] t:0
INFO:root:[2016-07-06 13:46:14.153919] fork pid:16028
INFO:root:[2016-07-06 13:48:01.719266] t:0
INFO:root:[2016-07-06 13:48:01.719530] t:1
INFO:root:[2016-07-06 13:48:01.719266] fork pid:16161
INFO:root:[2016-07-06 13:48:01.719530] fork pid:16162
INFO:root:[2016-07-06 13:54:18.269100] t:0
INFO:root:[2016-07-06 13:54:18.269379] t:1
INFO:root:[2016-07-06 13:54:18.269379] fork pid:16610
INFO:root:[2016-07-07 16:54:06.663560] t:0
INFO:root:[2016-07-07 16:54:06.663959] t:1
INFO:root:[2016-07-07 16:54:06.663560] fork pid:15967
INFO:root:[2016-07-07 16:55:19.686417] t:0
INFO:root:[2016-07-07 16:55:19.686417] fork pid:16065
INFO:root:[2016-07-08 15:27:27.035388] t:0
INFO:root:[2016-07-08 15:27:27.035388] fork pid:25951
INFO:root:[2016-07-11 11:44:01.700185] t:0
INFO:root:[2016-07-11 11:44:01.700185] fork pid:67242
INFO:root:[2016-08-04 17:15:06.655752] t:0
INFO:root:[2016-08-04 17:15:06.655752] fork pid:46507
INFO:root:[2016-08-05 10:34:25.364939] t:0
INFO:root:[2016-08-05 10:34:25.364939] fork pid:61229
INFO:root:[2016-08-05 10:35:45.862751] e1:[Errno 32] Broken pipe
INFO:root:[2016-08-05 10:36:20.717314] e1:[Errno 32] Broken pipe
INFO:root:[2016-08-05 10:36:53.581986] e1:[Errno 32] Broken pipe
INFO:root:[2016-08-05 10:40:00.863012] t:0
INFO:root:[2016-08-05 10:40:00.863012] fork pid:62084
INFO:root:[2016-08-05 10:40:29.657220] e1:[Errno 32] Broken pipe
INFO:root:[2016-08-05 10:41:09.140028] e1:[Errno 32] Broken pipe
INFO:root:[2016-08-08 15:22:22.168854] t:0
INFO:root:[2016-08-08 15:22:22.168854] fork pid:12182
INFO:root:[2016-08-08 15:25:31.059708] e1 Exception:list index out of range
INFO:root:[2016-08-08 15:31:18.334983] e1 Exception:list index out of range
INFO:root:[2016-08-08 15:35:17.313907] e1 Exception:list index out of range
INFO:root:[2016-08-08 15:40:13.339248] e1 Exception:list index out of range
INFO:root:[2016-08-08 15:41:18.074905] e1 Exception:list index out of range
INFO:root:[2016-08-08 17:04:19.627445] t:0
INFO:root:[2016-08-08 17:04:19.627445] fork pid:27673
INFO:root:[2016-08-08 17:07:31.625875] e1 Exception:list index out of range
INFO:root:[2016-08-09 11:31:48.467465] t:0
INFO:root:[2016-08-09 11:31:48.467465] fork pid:2935
INFO:root:[2016-08-09 11:31:53.494713] e1 Exception:list index out of range
INFO:root:[2016-08-09 11:33:55.881648] e1:[Errno 32] Broken pipe
INFO:root:[2016-08-09 11:34:28.775032] e1:[Errno 32] Broken pipe
INFO:root:[2016-08-09 11:35:01.095849] e1:[Errno 32] Broken pipe
INFO:root:[2016-08-09 11:35:33.952698] e1:[Errno 32] Broken pipe
INFO:root:[2016-08-09 11:36:06.308177] e1:[Errno 32] Broken pipe
INFO:root:[2016-09-07 15:48:11.240063] t:0
INFO:root:[2016-09-07 15:48:11.240063] fork pid:23139
INFO:root:[2016-09-08 14:41:38.823634] t:0
INFO:root:[2016-09-08 14:41:38.823634] fork pid:14909
INFO:root:[2016-10-01 18:45:21.493887] t:0
INFO:root:[2016-10-01 18:45:21.493887] fork pid:21324
INFO:root:[2016-10-01 19:16:57.480409] t:0
INFO:root:[2016-10-01 19:16:57.480409] fork pid:23340
INFO:root:[2016-10-01 19:22:54.056675] e1:[Errno 32] Broken pipe
INFO:root:[2016-10-02 19:29:07.377688] t:0
INFO:root:[2016-10-02 19:29:07.377688] fork pid:8259
INFO:root:[2016-10-02 19:34:53.970975] t:0
INFO:root:[2016-10-02 19:34:53.970975] fork pid:8483
INFO:root:[2016-10-02 19:38:53.010850] t:0
INFO:root:[2016-10-02 19:38:53.010850] fork pid:8618
INFO:root:[2016-10-02 19:52:35.333803] t:0
INFO:root:[2016-10-02 19:52:35.333803] fork pid:9069
INFO:root:[2016-10-02 19:54:14.056513] t:0
INFO:root:[2016-10-02 19:54:14.056513] fork pid:9122
INFO:root:[2016-10-02 19:54:36.272185] e1:[Errno 32] Broken pipe
INFO:root:[2016-10-02 19:56:43.350136] t:0
INFO:root:[2016-10-02 19:56:43.350136] fork pid:9207
INFO:root:[2016-10-02 19:57:04.240288] t:0
INFO:root:[2016-10-02 19:57:04.240288] fork pid:9231
INFO:root:[2016-10-02 20:29:07.052146] t:0
INFO:root:[2016-10-02 20:29:07.052146] fork pid:13471
INFO:root:[2016-10-02 20:48:49.878207] t:0
INFO:root:[2016-10-02 20:48:49.878207] fork pid:15929
INFO:root:[2016-10-02 21:25:42.712947] t:0
INFO:root:[2016-10-02 21:25:42.712947] fork pid:19061
INFO:root:[2016-10-02 21:27:16.861884] e1:[Errno 32] Broken pipe
INFO:root:[2016-10-02 21:27:29.863203] e1:[Errno 32] Broken pipe
INFO:root:[2016-10-03 14:01:14.058458] t:0
INFO:root:[2016-10-03 14:01:14.058458] fork pid:10817
INFO:root:[2016-10-03 14:03:12.759605] e1:[Errno 32] Broken pipe
INFO:root:[2016-10-03 14:08:17.169299] t:0
INFO:root:[2016-10-03 14:08:17.169299] fork pid:11131
INFO:root:[2016-10-03 14:51:03.365659] t:0
INFO:root:[2016-10-03 14:51:03.365659] fork pid:17154
INFO:root:[2016-10-03 15:05:51.698567] t:0
INFO:root:[2016-10-03 15:05:51.698567] fork pid:20206
INFO:root:[2016-10-03 15:27:33.133758] t:0
INFO:root:[2016-10-03 15:27:33.133758] fork pid:25210
INFO:root:[2016-10-03 15:46:15.347484] t:0
INFO:root:[2016-10-03 15:46:15.347484] fork pid:28488
INFO:root:[2016-10-03 16:10:19.776245] t:0
INFO:root:[2016-10-03 16:10:19.776245] fork pid:31821
INFO:root:[2016-10-04 11:31:03.541542] t:0
INFO:root:[2016-10-04 11:31:03.541542] fork pid:7006
INFO:root:[2016-10-04 11:31:57.805632] t:0
INFO:root:[2016-10-04 11:31:57.805632] fork pid:7344
INFO:root:[2016-10-04 11:35:07.813956] t:0
INFO:root:[2016-10-04 11:35:07.813956] fork pid:7838
INFO:root:[2016-10-04 11:36:49.619812] t:0
INFO:root:[2016-10-04 11:36:49.619812] fork pid:7926
INFO:root:[2016-10-04 13:49:48.828648] t:0
INFO:root:[2016-10-04 13:49:48.828648] fork pid:12427
INFO:root:[2016-10-04 14:02:00.281182] t:0
INFO:root:[2016-10-04 14:02:00.281182] fork pid:12980
INFO:root:[2016-10-04 14:02:21.114892] t:0
INFO:root:[2016-10-04 14:02:21.114892] fork pid:13034
INFO:root:[2016-10-04 14:19:42.221812] t:0
INFO:root:[2016-10-04 14:19:42.221812] fork pid:13732
INFO:root:[2016-10-04 15:59:12.333004] t:0
INFO:root:[2016-10-04 15:59:12.333004] fork pid:19875
INFO:root:[2016-10-04 16:12:55.556594] t:0
INFO:root:[2016-10-04 16:12:55.556594] fork pid:23227
INFO:root:[2016-10-04 17:14:43.804798] t:0
INFO:root:[2016-10-04 17:14:43.804798] fork pid:28351
INFO:root:[2016-10-06 10:20:49.900818] t:0
INFO:root:[2016-10-06 10:20:49.900818] fork pid:3868
INFO:root:[2016-10-06 10:20:51.337552] e1:[Errno 32] Broken pipe
INFO:root:[2016-10-06 11:04:51.901269] t:0
INFO:root:[2016-10-06 11:04:51.901269] fork pid:5357
INFO:root:[2016-10-06 11:06:12.543835] e1:[Errno 32] Broken pipe
INFO:root:[2016-10-10 10:31:23.332202] t:0
INFO:root:[2016-10-10 10:31:23.332202] fork pid:2603
INFO:root:[2016-10-10 10:31:59.252179] e1:[Errno 32] Broken pipe
INFO:root:[2016-10-10 10:48:03.080832] t:0
INFO:root:[2016-10-10 10:48:03.080832] fork pid:4374
INFO:root:[2016-10-10 10:48:35.154123] e1:[Errno 32] Broken pipe
INFO:root:[2016-10-10 16:10:41.087510] t:0
INFO:root:[2016-10-10 16:10:41.087510] fork pid:18031
INFO:root:[2016-10-10 16:11:41.396951] e1:[Errno 32] Broken pipe
INFO:root:[2016-10-10 16:12:04.791155] t:0
INFO:root:[2016-10-10 16:12:04.791155] fork pid:18108
INFO:root:[2016-10-10 16:13:05.892820] e1:[Errno 32] Broken pipe
INFO:root:[2016-10-10 16:13:19.589371] t:0
INFO:root:[2016-10-10 16:13:19.589371] fork pid:18138
INFO:root:[2016-10-10 16:15:47.196074] t:0
INFO:root:[2016-10-10 16:15:47.196074] fork pid:18180
INFO:root:[2016-10-11 16:58:09.986688] t:0
INFO:root:[2016-10-11 16:58:09.986688] fork pid:7312
INFO:root:[2016-10-18 17:41:45.438700] t:0
INFO:root:[2016-10-18 17:41:45.438700] fork pid:38343
INFO:root:[2016-10-18 17:42:05.426938] t:0
INFO:root:[2016-10-18 17:42:05.426938] fork pid:38348
INFO:root:[2016-10-18 17:42:30.484345] e1:[Errno 32] Broken pipe
INFO:root:[2016-10-18 17:44:06.143552] t:0
INFO:root:[2016-10-18 17:44:06.143552] fork pid:38403
INFO:root:[2016-10-18 17:45:31.609995] t:0
INFO:root:[2016-10-18 17:45:31.609995] fork pid:38530
INFO:root:[2016-10-18 22:19:04.872075] t:0
INFO:root:[2016-10-18 22:19:04.872075] fork pid:40884
INFO:root:[2016-10-18 22:25:02.348547] t:0
INFO:root:[2016-10-18 22:25:02.348547] fork pid:40994
INFO:root:[2016-10-18 22:28:07.493129] t:0
INFO:root:[2016-10-18 22:28:07.493129] fork pid:41112
INFO:root:[2016-10-19 13:45:31.252772] t:0
INFO:root:[2016-10-19 13:45:31.252772] fork pid:15111
INFO:root:[2016-10-26 14:48:11.906738] t:0
INFO:root:[2016-10-26 14:48:11.906738] fork pid:13929
INFO:root:[2016-10-26 14:52:04.308387] t:0
INFO:root:[2016-10-26 14:52:04.308387] fork pid:14015
INFO:root:[2016-10-26 14:55:27.753343] e1:[Errno 32] Broken pipe
INFO:root:[2016-11-04 09:39:45.267873] t:0
INFO:root:[2016-11-04 09:39:45.267873] fork pid:7937
INFO:root:[2016-11-04 09:53:21.092808] t:0
INFO:root:[2016-11-04 09:53:21.092808] fork pid:8203
INFO:root:[2016-11-04 10:20:26.618179] t:0
INFO:root:[2016-11-04 10:20:26.618179] fork pid:9229
INFO:root:[2016-11-04 10:20:29.632613] e1:[Errno 32] Broken pipe
INFO:root:[2016-11-04 10:21:38.997000] t:0
INFO:root:[2016-11-04 10:21:38.997000] fork pid:9278
INFO:root:[2016-11-04 15:32:58.423567] t:0
INFO:root:[2016-11-04 15:32:58.423567] fork pid:25357
INFO:root:[2016-11-04 15:32:59.487154] e1:[Errno 32] Broken pipe
INFO:root:[2016-11-04 15:33:49.939721] t:0
INFO:root:[2016-11-04 15:33:49.939721] fork pid:25371
INFO:root:[2016-11-04 15:37:33.949918] t:0
INFO:root:[2016-11-04 15:37:33.949918] fork pid:25432
INFO:root:[2016-11-04 15:38:03.883235] e1:[Errno 32] Broken pipe
INFO:root:[2016-11-04 15:41:57.120699] t:0
INFO:root:[2016-11-04 15:41:57.120699] fork pid:25626
INFO:root:[2016-11-04 15:45:12.246866] t:0
INFO:root:[2016-11-04 15:45:12.246866] fork pid:25791
INFO:root:[2016-11-04 15:45:40.093906] e1:[Errno 32] Broken pipe
INFO:root:[2016-11-04 15:55:27.385047] t:0
INFO:root:[2016-11-04 15:55:27.385047] fork pid:26155
INFO:root:[2016-12-27 14:28:02.637973] t:0
INFO:root:[2016-12-27 14:28:02.637973] fork pid:13008
INFO:root:[2016-12-27 15:47:12.281011] t:0
INFO:root:[2016-12-27 15:47:12.281011] fork pid:19500
INFO:root:[2016-12-27 15:48:46.258605] t:0
INFO:root:[2016-12-27 15:48:46.258605] fork pid:19625
INFO:root:[2016-12-28 16:08:10.118851] t:0
INFO:root:[2016-12-28 16:08:10.118851] fork pid:15832
